
*** Running vivado
    with args -log mult_gen_0.vds -m64 -product Vivado -mode batch -messageDb vivado.pb -notrace -source mult_gen_0.tcl



****** Vivado v2025.2 (64-bit)
  **** SW Build 6299465 on Fri Nov 14 19:35:11 GMT 2025
  **** IP Build 6300035 on Fri Nov 14 10:48:45 MST 2025
  **** SharedData Build 6298862 on Thu Nov 13 04:50:51 MST 2025
  **** Start of session at: Thu Apr  2 23:11:11 2026
    ** Copyright 1986-2022 Xilinx, Inc. All Rights Reserved.
    ** Copyright 2022-2025 Advanced Micro Devices, Inc. All Rights Reserved.

source mult_gen_0.tcl -notrace
create_project: Time (s): cpu = 00:00:05 ; elapsed = 00:00:07 . Memory (MB): peak = 527.039 ; gain = 220.168
Command: synth_design -top mult_gen_0 -part xc7a100tfgg484-2 -incremental_mode off -mode out_of_context
Starting synth_design
Attempting to get a license for feature 'Synthesis' and/or device 'xc7a100t'
INFO: [Common 17-349] Got license for feature 'Synthesis' and/or device 'xc7a100t'
INFO: [Device 21-403] Loading part xc7a100tfgg484-2
INFO: [Synth 8-7079] Multithreading enabled for synth_design using a maximum of 2 processes.
INFO: [Synth 8-7078] Launching helper process for spawning children vivado processes
INFO: [Synth 8-7075] Helper process launched with PID 45168
---------------------------------------------------------------------------------
Starting RTL Elaboration : Time (s): cpu = 00:00:03 ; elapsed = 00:00:04 . Memory (MB): peak = 1283.094 ; gain = 541.773
---------------------------------------------------------------------------------
INFO: [Synth 8-638] synthesizing module 'mult_gen_0' [d:/FPGAProject/dicom_qpsk/dicom_qpsk.gen/sources_1/ip/mult_gen_0/synth/mult_gen_0.vhd:68]
WARNING: [Synth 8-5640] Port 'zero_detect' is missing in component declaration [d:/FPGAProject/dicom_qpsk/dicom_qpsk.gen/sources_1/ip/mult_gen_0/synth/mult_gen_0.vhd:71]
WARNING: [Synth 8-5640] Port 'pcasc' is missing in component declaration [d:/FPGAProject/dicom_qpsk/dicom_qpsk.gen/sources_1/ip/mult_gen_0/synth/mult_gen_0.vhd:71]
WARNING: [Synth 8-5640] Port 'pcasc_ext' is missing in component declaration [d:/FPGAProject/dicom_qpsk/dicom_qpsk.gen/sources_1/ip/mult_gen_0/synth/mult_gen_0.vhd:71]
	Parameter C_VERBOSITY bound to: 0 - type: integer 
	Parameter C_MODEL_TYPE bound to: 0 - type: integer 
	Parameter C_OPTIMIZE_GOAL bound to: 1 - type: integer 
	Parameter C_XDEVICEFAMILY bound to: artix7 - type: string 
	Parameter C_HAS_CE bound to: 0 - type: integer 
	Parameter C_HAS_SCLR bound to: 0 - type: integer 
	Parameter C_LATENCY bound to: 2 - type: integer 
	Parameter C_A_WIDTH bound to: 16 - type: integer 
	Parameter C_A_TYPE bound to: 0 - type: integer 
	Parameter C_B_WIDTH bound to: 10 - type: integer 
	Parameter C_B_TYPE bound to: 0 - type: integer 
	Parameter C_OUT_HIGH bound to: 25 - type: integer 
	Parameter C_OUT_LOW bound to: 0 - type: integer 
	Parameter C_MULT_TYPE bound to: 0 - type: integer 
	Parameter C_CE_OVERRIDES_SCLR bound to: 0 - type: integer 
	Parameter C_CCM_IMP bound to: 0 - type: integer 
	Parameter C_B_VALUE bound to: 10000001 - type: string 
	Parameter C_HAS_ZERO_DETECT bound to: 0 - type: integer 
	Parameter C_ROUND_OUTPUT bound to: 0 - type: integer 
	Parameter C_ROUND_PT bound to: 0 - type: integer 
INFO: [Synth 8-3491] module 'mult_gen_v12_0_24' declared at 'd:/FPGAProject/dicom_qpsk/dicom_qpsk.gen/sources_1/ip/mult_gen_0/hdl/mult_gen_v12_0_vh_rfs.vhd:21527' bound to instance 'U0' of component 'mult_gen_v12_0_24' [d:/FPGAProject/dicom_qpsk/dicom_qpsk.gen/sources_1/ip/mult_gen_0/synth/mult_gen_0.vhd:125]
INFO: [Synth 8-256] done synthesizing module 'mult_gen_0' (0#1) [d:/FPGAProject/dicom_qpsk/dicom_qpsk.gen/sources_1/ip/mult_gen_0/synth/mult_gen_0.vhd:68]
INFO: [Synth 8-7129] Port CE in module mult_gen_v12_0_24_viv is either unconnected or has no load
INFO: [Synth 8-7129] Port SCLR in module mult_gen_v12_0_24_viv is either unconnected or has no load
---------------------------------------------------------------------------------
Finished RTL Elaboration : Time (s): cpu = 00:00:05 ; elapsed = 00:00:08 . Memory (MB): peak = 1436.191 ; gain = 694.871
---------------------------------------------------------------------------------
---------------------------------------------------------------------------------
Start Handling Custom Attributes
---------------------------------------------------------------------------------
---------------------------------------------------------------------------------
Finished Handling Custom Attributes : Time (s): cpu = 00:00:05 ; elapsed = 00:00:08 . Memory (MB): peak = 1436.191 ; gain = 694.871
---------------------------------------------------------------------------------
---------------------------------------------------------------------------------
Finished RTL Optimization Phase 1 : Time (s): cpu = 00:00:05 ; elapsed = 00:00:08 . Memory (MB): peak = 1436.191 ; gain = 694.871
---------------------------------------------------------------------------------
Netlist sorting complete. Time (s): cpu = 00:00:00 ; elapsed = 00:00:00.006 . Memory (MB): peak = 1436.191 ; gain = 0.000
INFO: [Netlist 29-17] Analyzing 260 Unisim elements for replacement
INFO: [Netlist 29-28] Unisim Transformation completed in 0 CPU seconds
INFO: [Project 1-570] Preparing netlist for logic optimization

Processing XDC Constraints
Initializing timing engine
Parsing XDC File [d:/FPGAProject/dicom_qpsk/dicom_qpsk.gen/sources_1/ip/mult_gen_0/mult_gen_0_ooc.xdc] for cell 'U0'
Finished Parsing XDC File [d:/FPGAProject/dicom_qpsk/dicom_qpsk.gen/sources_1/ip/mult_gen_0/mult_gen_0_ooc.xdc] for cell 'U0'
Parsing XDC File [D:/FPGAProject/dicom_qpsk/dicom_qpsk.runs/mult_gen_0_synth_1/dont_touch.xdc]
Finished Parsing XDC File [D:/FPGAProject/dicom_qpsk/dicom_qpsk.runs/mult_gen_0_synth_1/dont_touch.xdc]
Completed Processing XDC Constraints

Netlist sorting complete. Time (s): cpu = 00:00:00 ; elapsed = 00:00:00 . Memory (MB): peak = 1516.840 ; gain = 0.000
INFO: [Project 1-111] Unisim Transformation Summary:
  A total of 85 instances were transformed.
  MULT_AND => LUT2: 85 instances

Constraint Validation Runtime : Time (s): cpu = 00:00:00 ; elapsed = 00:00:00.017 . Memory (MB): peak = 1516.840 ; gain = 0.000
INFO: [Designutils 20-5008] Incremental synthesis strategy off
---------------------------------------------------------------------------------
Finished Constraint Validation : Time (s): cpu = 00:00:10 ; elapsed = 00:00:14 . Memory (MB): peak = 1516.840 ; gain = 775.520
---------------------------------------------------------------------------------
---------------------------------------------------------------------------------
Start Loading Part and Timing Information
---------------------------------------------------------------------------------
Loading part: xc7a100tfgg484-2
---------------------------------------------------------------------------------
Finished Loading Part and Timing Information : Time (s): cpu = 00:00:10 ; elapsed = 00:00:14 . Memory (MB): peak = 1516.840 ; gain = 775.520
---------------------------------------------------------------------------------
---------------------------------------------------------------------------------
Start Applying 'set_property' XDC Constraints
---------------------------------------------------------------------------------
---------------------------------------------------------------------------------
Finished applying 'set_property' XDC Constraints : Time (s): cpu = 00:00:10 ; elapsed = 00:00:14 . Memory (MB): peak = 1516.840 ; gain = 775.520
---------------------------------------------------------------------------------
---------------------------------------------------------------------------------
Finished RTL Optimization Phase 2 : Time (s): cpu = 00:00:10 ; elapsed = 00:00:14 . Memory (MB): peak = 1516.840 ; gain = 775.520
---------------------------------------------------------------------------------
---------------------------------------------------------------------------------
Start RTL Component Statistics 
---------------------------------------------------------------------------------
---------------------------------------------------------------------------------
Finished RTL Component Statistics 
---------------------------------------------------------------------------------
---------------------------------------------------------------------------------
Start Part Resource Summary
---------------------------------------------------------------------------------
Part Resources:
DSPs: 240 (col length:80)
BRAMs: 270 (col length: RAMB18 80 RAMB36 40)
---------------------------------------------------------------------------------
Finished Part Resource Summary
---------------------------------------------------------------------------------
---------------------------------------------------------------------------------
Start Cross Boundary and Area Optimization
---------------------------------------------------------------------------------
INFO: [Synth 8-7129] Port CE in module mult_gen_v12_0_24_viv is either unconnected or has no load
INFO: [Synth 8-7129] Port SCLR in module mult_gen_v12_0_24_viv is either unconnected or has no load
---------------------------------------------------------------------------------
Finished Cross Boundary and Area Optimization : Time (s): cpu = 00:00:11 ; elapsed = 00:00:15 . Memory (MB): peak = 1516.840 ; gain = 775.520
---------------------------------------------------------------------------------
---------------------------------------------------------------------------------
Start Applying XDC Timing Constraints
---------------------------------------------------------------------------------
---------------------------------------------------------------------------------
Finished Applying XDC Timing Constraints : Time (s): cpu = 00:00:14 ; elapsed = 00:00:19 . Memory (MB): peak = 1597.609 ; gain = 856.289
---------------------------------------------------------------------------------
---------------------------------------------------------------------------------
Start Timing Optimization
---------------------------------------------------------------------------------
---------------------------------------------------------------------------------
Finished Timing Optimization : Time (s): cpu = 00:00:14 ; elapsed = 00:00:19 . Memory (MB): peak = 1607.535 ; gain = 866.215
---------------------------------------------------------------------------------
---------------------------------------------------------------------------------
Start Technology Mapping
---------------------------------------------------------------------------------
---------------------------------------------------------------------------------
Finished Technology Mapping : Time (s): cpu = 00:00:14 ; elapsed = 00:00:20 . Memory (MB): peak = 1608.082 ; gain = 866.762
---------------------------------------------------------------------------------
---------------------------------------------------------------------------------
Start IO Insertion
---------------------------------------------------------------------------------
---------------------------------------------------------------------------------
Start Flattening Before IO Insertion
---------------------------------------------------------------------------------
---------------------------------------------------------------------------------
Finished Flattening Before IO Insertion
---------------------------------------------------------------------------------
---------------------------------------------------------------------------------
Start Final Netlist Cleanup
---------------------------------------------------------------------------------
---------------------------------------------------------------------------------
Finished Final Netlist Cleanup
---------------------------------------------------------------------------------
---------------------------------------------------------------------------------
Finished IO Insertion : Time (s): cpu = 00:00:16 ; elapsed = 00:00:22 . Memory (MB): peak = 1856.723 ; gain = 1115.402
---------------------------------------------------------------------------------
---------------------------------------------------------------------------------
Start Renaming Generated Instances
---------------------------------------------------------------------------------
---------------------------------------------------------------------------------
Finished Renaming Generated Instances : Time (s): cpu = 00:00:16 ; elapsed = 00:00:22 . Memory (MB): peak = 1856.723 ; gain = 1115.402
---------------------------------------------------------------------------------
---------------------------------------------------------------------------------
Start Rebuilding User Hierarchy
---------------------------------------------------------------------------------
---------------------------------------------------------------------------------
Finished Rebuilding User Hierarchy : Time (s): cpu = 00:00:16 ; elapsed = 00:00:22 . Memory (MB): peak = 1856.723 ; gain = 1115.402
---------------------------------------------------------------------------------
---------------------------------------------------------------------------------
Start Renaming Generated Ports
---------------------------------------------------------------------------------
---------------------------------------------------------------------------------
Finished Renaming Generated Ports : Time (s): cpu = 00:00:16 ; elapsed = 00:00:22 . Memory (MB): peak = 1856.723 ; gain = 1115.402
---------------------------------------------------------------------------------
---------------------------------------------------------------------------------
Start Handling Custom Attributes
---------------------------------------------------------------------------------
---------------------------------------------------------------------------------
Finished Handling Custom Attributes : Time (s): cpu = 00:00:16 ; elapsed = 00:00:22 . Memory (MB): peak = 1856.723 ; gain = 1115.402
---------------------------------------------------------------------------------
---------------------------------------------------------------------------------
Start Renaming Generated Nets
---------------------------------------------------------------------------------
---------------------------------------------------------------------------------
Finished Renaming Generated Nets : Time (s): cpu = 00:00:16 ; elapsed = 00:00:22 . Memory (MB): peak = 1856.723 ; gain = 1115.402
---------------------------------------------------------------------------------
---------------------------------------------------------------------------------
Start Writing Synthesis Report
---------------------------------------------------------------------------------

Report BlackBoxes: 
+-+--------------+----------+
| |BlackBox name |Instances |
+-+--------------+----------+
+-+--------------+----------+

Report Cell Usage: 
+------+---------+------+
|      |Cell     |Count |
+------+---------+------+
|1     |CARRY4   |    21|
|2     |LUT1     |     4|
|3     |LUT2     |    78|
|4     |LUT3     |    10|
|5     |LUT4     |    75|
|6     |MULT_AND |    85|
|7     |MUXCY    |    85|
|8     |XORCY    |    90|
|9     |FDRE     |    84|
+------+---------+------+
---------------------------------------------------------------------------------
Finished Writing Synthesis Report : Time (s): cpu = 00:00:16 ; elapsed = 00:00:22 . Memory (MB): peak = 1856.723 ; gain = 1115.402
---------------------------------------------------------------------------------
Synthesis finished with 0 errors, 0 critical warnings and 0 warnings.
Synthesis Optimization Runtime : Time (s): cpu = 00:00:10 ; elapsed = 00:00:21 . Memory (MB): peak = 1856.723 ; gain = 1034.754
Synthesis Optimization Complete : Time (s): cpu = 00:00:16 ; elapsed = 00:00:22 . Memory (MB): peak = 1856.723 ; gain = 1115.402
INFO: [Project 1-571] Translating synthesized netlist
Netlist sorting complete. Time (s): cpu = 00:00:00 ; elapsed = 00:00:00.005 . Memory (MB): peak = 1856.723 ; gain = 0.000
INFO: [Netlist 29-17] Analyzing 281 Unisim elements for replacement
INFO: [Netlist 29-28] Unisim Transformation completed in 0 CPU seconds
INFO: [Project 1-570] Preparing netlist for logic optimization
INFO: [Opt 31-138] Pushed 0 inverter(s) to 0 load pin(s).
Netlist sorting complete. Time (s): cpu = 00:00:00 ; elapsed = 00:00:00 . Memory (MB): peak = 1861.891 ; gain = 0.000
INFO: [Project 1-111] Unisim Transformation Summary:
  A total of 110 instances were transformed.
  (MUXCY,XORCY) => CARRY4: 25 instances
  MULT_AND => LUT2: 85 instances

Synth Design complete | Checksum: 92993b59
INFO: [Common 17-83] Releasing license: Synthesis
24 Infos, 3 Warnings, 0 Critical Warnings and 0 Errors encountered.
synth_design completed successfully
synth_design: Time (s): cpu = 00:00:20 ; elapsed = 00:00:27 . Memory (MB): peak = 1861.891 ; gain = 1324.703
Write ShapeDB Complete: Time (s): cpu = 00:00:00 ; elapsed = 00:00:00.002 . Memory (MB): peak = 1861.891 ; gain = 0.000
INFO: [Common 17-1381] The checkpoint 'D:/FPGAProject/dicom_qpsk/dicom_qpsk.runs/mult_gen_0_synth_1/mult_gen_0.dcp' has been generated.
INFO: [Coretcl 2-1648] Added synthesis output to IP cache for IP mult_gen_0, cache-ID = 020394c3ebabd54f
INFO: [Coretcl 2-1174] Renamed 3 cell refs.
Write ShapeDB Complete: Time (s): cpu = 00:00:00 ; elapsed = 00:00:00.001 . Memory (MB): peak = 1861.891 ; gain = 0.000
INFO: [Common 17-1381] The checkpoint 'D:/FPGAProject/dicom_qpsk/dicom_qpsk.runs/mult_gen_0_synth_1/mult_gen_0.dcp' has been generated.
INFO: [Vivado 12-24828] Executing command : report_utilization -file mult_gen_0_utilization_synth.rpt -pb mult_gen_0_utilization_synth.pb
INFO: [Common 17-206] Exiting Vivado at Thu Apr  2 23:11:49 2026...
