
*** Running vivado
    with args -log fir_rrc.vds -m64 -product Vivado -mode batch -messageDb vivado.pb -notrace -source fir_rrc.tcl



****** Vivado v2025.2 (64-bit)
  **** SW Build 6299465 on Fri Nov 14 19:35:11 GMT 2025
  **** IP Build 6300035 on Fri Nov 14 10:48:45 MST 2025
  **** SharedData Build 6298862 on Thu Nov 13 04:50:51 MST 2025
  **** Start of session at: Thu Apr  2 21:53:38 2026
    ** Copyright 1986-2022 Xilinx, Inc. All Rights Reserved.
    ** Copyright 2022-2025 Advanced Micro Devices, Inc. All Rights Reserved.

source fir_rrc.tcl -notrace
create_project: Time (s): cpu = 00:00:05 ; elapsed = 00:00:06 . Memory (MB): peak = 526.559 ; gain = 219.668
Command: synth_design -top fir_rrc -part xc7a100tfgg484-2 -incremental_mode off -mode out_of_context
Starting synth_design
Attempting to get a license for feature 'Synthesis' and/or device 'xc7a100t'
INFO: [Common 17-349] Got license for feature 'Synthesis' and/or device 'xc7a100t'
INFO: [Device 21-403] Loading part xc7a100tfgg484-2
INFO: [Synth 8-7079] Multithreading enabled for synth_design using a maximum of 2 processes.
INFO: [Synth 8-7078] Launching helper process for spawning children vivado processes
INFO: [Synth 8-7075] Helper process launched with PID 40368
---------------------------------------------------------------------------------
Starting RTL Elaboration : Time (s): cpu = 00:00:04 ; elapsed = 00:00:05 . Memory (MB): peak = 1281.516 ; gain = 539.570
---------------------------------------------------------------------------------
INFO: [Synth 8-638] synthesizing module 'fir_rrc' [d:/FPGAProject/dicom_qpsk/dicom_qpsk.gen/sources_1/ip/fir_rrc/synth/fir_rrc.vhd:70]
	Parameter C_XDEVICEFAMILY bound to: artix7 - type: string 
	Parameter C_ELABORATION_DIR bound to: ./ - type: string 
	Parameter C_COMPONENT_NAME bound to: fir_rrc - type: string 
	Parameter C_COEF_FILE bound to: fir_rrc.mif - type: string 
	Parameter C_COEF_FILE_LINES bound to: 80 - type: integer 
	Parameter C_DATA_COEFFICIENT_TYPE bound to: 0 - type: integer 
	Parameter C_FILTER_TYPE bound to: 2 - type: integer 
	Parameter C_INTERP_RATE bound to: 20 - type: integer 
	Parameter C_DECIM_RATE bound to: 1 - type: integer 
	Parameter C_ZERO_PACKING_FACTOR bound to: 1 - type: integer 
	Parameter C_SYMMETRY bound to: 1 - type: integer 
	Parameter C_NUM_FILTS bound to: 1 - type: integer 
	Parameter C_NUM_TAPS bound to: 121 - type: integer 
	Parameter C_NUM_CHANNELS bound to: 1 - type: integer 
	Parameter C_CHANNEL_PATTERN bound to: fixed - type: string 
	Parameter C_ROUND_MODE bound to: 1 - type: integer 
	Parameter C_COEF_RELOAD bound to: 0 - type: integer 
	Parameter C_NUM_RELOAD_SLOTS bound to: 1 - type: integer 
	Parameter C_COL_MODE bound to: 1 - type: integer 
	Parameter C_COL_PIPE_LEN bound to: 4 - type: integer 
	Parameter C_COL_CONFIG bound to: 4 - type: string 
	Parameter C_OPTIMIZATION bound to: 0 - type: integer 
	Parameter C_DATA_PATH_WIDTHS bound to: 8 - type: string 
	Parameter C_DATA_IP_PATH_WIDTHS bound to: 8 - type: string 
	Parameter C_DATA_PX_PATH_WIDTHS bound to: 8 - type: string 
	Parameter C_DATA_WIDTH bound to: 8 - type: integer 
	Parameter C_COEF_PATH_WIDTHS bound to: 17 - type: string 
	Parameter C_COEF_WIDTH bound to: 16 - type: integer 
	Parameter C_DATA_PATH_SRC bound to: 0 - type: string 
	Parameter C_COEF_PATH_SRC bound to: 0 - type: string 
	Parameter C_PX_PATH_SRC bound to: 0 - type: string 
	Parameter C_DATA_PATH_SIGN bound to: 0 - type: string 
	Parameter C_COEF_PATH_SIGN bound to: 0 - type: string 
	Parameter C_ACCUM_PATH_WIDTHS bound to: 20 - type: string 
	Parameter C_OUTPUT_WIDTH bound to: 16 - type: integer 
	Parameter C_OUTPUT_PATH_WIDTHS bound to: 16 - type: string 
	Parameter C_ACCUM_OP_PATH_WIDTHS bound to: 19 - type: string 
	Parameter C_EXT_MULT_CNFG bound to: none - type: string 
	Parameter C_DATA_PATH_PSAMP_SRC bound to: 0 - type: string 
	Parameter C_OP_PATH_PSAMP_SRC bound to: 0 - type: string 
	Parameter C_NUM_MADDS bound to: 4 - type: integer 
	Parameter C_OPT_MADDS bound to: none - type: string 
	Parameter C_OVERSAMPLING_RATE bound to: 1 - type: integer 
	Parameter C_INPUT_RATE bound to: 20 - type: integer 
	Parameter C_OUTPUT_RATE bound to: 1 - type: integer 
	Parameter C_DATA_MEMTYPE bound to: 0 - type: integer 
	Parameter C_COEF_MEMTYPE bound to: 2 - type: integer 
	Parameter C_IPBUFF_MEMTYPE bound to: 0 - type: integer 
	Parameter C_OPBUFF_MEMTYPE bound to: 2 - type: integer 
	Parameter C_DATAPATH_MEMTYPE bound to: 0 - type: integer 
	Parameter C_MEM_ARRANGEMENT bound to: 1 - type: integer 
	Parameter C_DATA_MEM_PACKING bound to: 0 - type: integer 
	Parameter C_COEF_MEM_PACKING bound to: 0 - type: integer 
	Parameter C_FILTS_PACKED bound to: 0 - type: integer 
	Parameter C_LATENCY bound to: 14 - type: integer 
	Parameter C_HAS_ARESETn bound to: 0 - type: integer 
	Parameter C_HAS_ACLKEN bound to: 0 - type: integer 
	Parameter C_DATA_HAS_TLAST bound to: 0 - type: integer 
	Parameter C_S_DATA_HAS_FIFO bound to: 1 - type: integer 
	Parameter C_S_DATA_HAS_TUSER bound to: 0 - type: integer 
	Parameter C_S_DATA_TDATA_WIDTH bound to: 8 - type: integer 
	Parameter C_S_DATA_TUSER_WIDTH bound to: 1 - type: integer 
	Parameter C_M_DATA_HAS_TREADY bound to: 0 - type: integer 
	Parameter C_M_DATA_HAS_TUSER bound to: 0 - type: integer 
	Parameter C_M_DATA_TDATA_WIDTH bound to: 16 - type: integer 
	Parameter C_M_DATA_TUSER_WIDTH bound to: 1 - type: integer 
	Parameter C_HAS_CONFIG_CHANNEL bound to: 0 - type: integer 
	Parameter C_CONFIG_SYNC_MODE bound to: 0 - type: integer 
	Parameter C_CONFIG_PACKET_SIZE bound to: 0 - type: integer 
	Parameter C_CONFIG_TDATA_WIDTH bound to: 1 - type: integer 
	Parameter C_RELOAD_TDATA_WIDTH bound to: 1 - type: integer 
INFO: [Synth 8-3491] module 'fir_compiler_v7_2_26' declared at 'd:/FPGAProject/dicom_qpsk/dicom_qpsk.gen/sources_1/ip/fir_rrc/hdl/fir_compiler_v7_2_vh_rfs.vhd:73330' bound to instance 'U0' of component 'fir_compiler_v7_2_26' [d:/FPGAProject/dicom_qpsk/dicom_qpsk.gen/sources_1/ip/fir_rrc/synth/fir_rrc.vhd:203]
INFO: [Synth 8-256] done synthesizing module 'fir_rrc' (0#1) [d:/FPGAProject/dicom_qpsk/dicom_qpsk.gen/sources_1/ip/fir_rrc/synth/fir_rrc.vhd:70]
INFO: [Synth 8-7129] Port SCLR_ALT in module delay__parameterized24 is either unconnected or has no load
INFO: [Synth 8-7129] Port CE_B in module dpr_mem is either unconnected or has no load
INFO: [Synth 8-7129] Port SCLR_A in module dpr_mem is either unconnected or has no load
INFO: [Synth 8-7129] Port SCLR_B in module dpr_mem is either unconnected or has no load
INFO: [Synth 8-7129] Port SCLR in module delay__parameterized23 is either unconnected or has no load
INFO: [Synth 8-7129] Port SCLR_ALT in module delay__parameterized23 is either unconnected or has no load
INFO: [Synth 8-7129] Port SCLR_ALT in module delay__parameterized22 is either unconnected or has no load
INFO: [Synth 8-7129] Port SCLR in module delay__parameterized21 is either unconnected or has no load
INFO: [Synth 8-7129] Port SCLR_ALT in module delay__parameterized21 is either unconnected or has no load
INFO: [Synth 8-7129] Port SCLR in module delay__parameterized18 is either unconnected or has no load
INFO: [Synth 8-7129] Port SCLR_ALT in module delay__parameterized18 is either unconnected or has no load
INFO: [Synth 8-7129] Port SCLR in module delay__parameterized20 is either unconnected or has no load
INFO: [Synth 8-7129] Port SCLR_ALT in module delay__parameterized20 is either unconnected or has no load
INFO: [Synth 8-7129] Port SCLR in module delay__parameterized19 is either unconnected or has no load
INFO: [Synth 8-7129] Port SCLR_ALT in module delay__parameterized19 is either unconnected or has no load
INFO: [Synth 8-7129] Port WE in module delay__parameterized17 is either unconnected or has no load
INFO: [Synth 8-7129] Port CE in module delay__parameterized17 is either unconnected or has no load
INFO: [Synth 8-7129] Port SCLR in module delay__parameterized17 is either unconnected or has no load
INFO: [Synth 8-7129] Port SCLR_ALT in module delay__parameterized17 is either unconnected or has no load
INFO: [Synth 8-7129] Port CLK in module delay__parameterized17 is either unconnected or has no load
INFO: [Synth 8-7129] Port WE in module delay__parameterized16 is either unconnected or has no load
INFO: [Synth 8-7129] Port CE in module delay__parameterized16 is either unconnected or has no load
INFO: [Synth 8-7129] Port SCLR in module delay__parameterized16 is either unconnected or has no load
INFO: [Synth 8-7129] Port SCLR_ALT in module delay__parameterized16 is either unconnected or has no load
INFO: [Synth 8-7129] Port CLK in module delay__parameterized16 is either unconnected or has no load
INFO: [Synth 8-7129] Port PAT_DET_IM in module calc__parameterized0 is either unconnected or has no load
INFO: [Synth 8-7129] Port PAT_DET_B_IM in module calc__parameterized0 is either unconnected or has no load
INFO: [Synth 8-7129] Port PRE_ADDSUB in module calc__parameterized0 is either unconnected or has no load
INFO: [Synth 8-7129] Port PRE_ADD_BYPASS in module calc__parameterized0 is either unconnected or has no load
INFO: [Synth 8-7129] Port CED in module calc__parameterized0 is either unconnected or has no load
INFO: [Synth 8-7129] Port WE in module delay__parameterized15 is either unconnected or has no load
INFO: [Synth 8-7129] Port CE in module delay__parameterized15 is either unconnected or has no load
INFO: [Synth 8-7129] Port SCLR in module delay__parameterized15 is either unconnected or has no load
INFO: [Synth 8-7129] Port SCLR_ALT in module delay__parameterized15 is either unconnected or has no load
INFO: [Synth 8-7129] Port CLK in module delay__parameterized15 is either unconnected or has no load
INFO: [Synth 8-7129] Port WE in module delay__parameterized14 is either unconnected or has no load
INFO: [Synth 8-7129] Port CE in module delay__parameterized14 is either unconnected or has no load
INFO: [Synth 8-7129] Port SCLR in module delay__parameterized14 is either unconnected or has no load
INFO: [Synth 8-7129] Port SCLR_ALT in module delay__parameterized14 is either unconnected or has no load
INFO: [Synth 8-7129] Port CLK in module delay__parameterized14 is either unconnected or has no load
INFO: [Synth 8-7129] Port POUT[fab][115] in module add_accum is either unconnected or has no load
INFO: [Synth 8-7129] Port POUT[fab][114] in module add_accum is either unconnected or has no load
INFO: [Synth 8-7129] Port POUT[fab][113] in module add_accum is either unconnected or has no load
INFO: [Synth 8-7129] Port POUT[fab][112] in module add_accum is either unconnected or has no load
INFO: [Synth 8-7129] Port POUT[fab][111] in module add_accum is either unconnected or has no load
INFO: [Synth 8-7129] Port POUT[fab][110] in module add_accum is either unconnected or has no load
INFO: [Synth 8-7129] Port POUT[fab][109] in module add_accum is either unconnected or has no load
INFO: [Synth 8-7129] Port POUT[fab][108] in module add_accum is either unconnected or has no load
INFO: [Synth 8-7129] Port POUT[fab][107] in module add_accum is either unconnected or has no load
INFO: [Synth 8-7129] Port POUT[fab][106] in module add_accum is either unconnected or has no load
INFO: [Synth 8-7129] Port POUT[fab][105] in module add_accum is either unconnected or has no load
INFO: [Synth 8-7129] Port POUT[fab][104] in module add_accum is either unconnected or has no load
INFO: [Synth 8-7129] Port POUT[fab][103] in module add_accum is either unconnected or has no load
INFO: [Synth 8-7129] Port POUT[fab][102] in module add_accum is either unconnected or has no load
INFO: [Synth 8-7129] Port POUT[fab][101] in module add_accum is either unconnected or has no load
INFO: [Synth 8-7129] Port POUT[fab][100] in module add_accum is either unconnected or has no load
INFO: [Synth 8-7129] Port POUT[fab][99] in module add_accum is either unconnected or has no load
INFO: [Synth 8-7129] Port POUT[fab][98] in module add_accum is either unconnected or has no load
INFO: [Synth 8-7129] Port POUT[fab][97] in module add_accum is either unconnected or has no load
INFO: [Synth 8-7129] Port POUT[fab][96] in module add_accum is either unconnected or has no load
INFO: [Synth 8-7129] Port POUT[fab][95] in module add_accum is either unconnected or has no load
INFO: [Synth 8-7129] Port POUT[fab][94] in module add_accum is either unconnected or has no load
INFO: [Synth 8-7129] Port POUT[fab][93] in module add_accum is either unconnected or has no load
INFO: [Synth 8-7129] Port POUT[fab][92] in module add_accum is either unconnected or has no load
INFO: [Synth 8-7129] Port POUT[fab][91] in module add_accum is either unconnected or has no load
INFO: [Synth 8-7129] Port POUT[fab][90] in module add_accum is either unconnected or has no load
INFO: [Synth 8-7129] Port POUT[fab][89] in module add_accum is either unconnected or has no load
INFO: [Synth 8-7129] Port POUT[fab][88] in module add_accum is either unconnected or has no load
INFO: [Synth 8-7129] Port POUT[fab][87] in module add_accum is either unconnected or has no load
INFO: [Synth 8-7129] Port POUT[fab][86] in module add_accum is either unconnected or has no load
INFO: [Synth 8-7129] Port POUT[fab][85] in module add_accum is either unconnected or has no load
INFO: [Synth 8-7129] Port POUT[fab][84] in module add_accum is either unconnected or has no load
INFO: [Synth 8-7129] Port POUT[fab][83] in module add_accum is either unconnected or has no load
INFO: [Synth 8-7129] Port POUT[fab][82] in module add_accum is either unconnected or has no load
INFO: [Synth 8-7129] Port POUT[fab][81] in module add_accum is either unconnected or has no load
INFO: [Synth 8-7129] Port POUT[fab][80] in module add_accum is either unconnected or has no load
INFO: [Synth 8-7129] Port POUT[fab][79] in module add_accum is either unconnected or has no load
INFO: [Synth 8-7129] Port POUT[fab][78] in module add_accum is either unconnected or has no load
INFO: [Synth 8-7129] Port POUT[fab][77] in module add_accum is either unconnected or has no load
INFO: [Synth 8-7129] Port POUT[fab][76] in module add_accum is either unconnected or has no load
INFO: [Synth 8-7129] Port POUT[fab][75] in module add_accum is either unconnected or has no load
INFO: [Synth 8-7129] Port POUT[fab][74] in module add_accum is either unconnected or has no load
INFO: [Synth 8-7129] Port POUT[fab][73] in module add_accum is either unconnected or has no load
INFO: [Synth 8-7129] Port POUT[fab][72] in module add_accum is either unconnected or has no load
INFO: [Synth 8-7129] Port POUT[fab][71] in module add_accum is either unconnected or has no load
INFO: [Synth 8-7129] Port POUT[fab][70] in module add_accum is either unconnected or has no load
INFO: [Synth 8-7129] Port POUT[fab][69] in module add_accum is either unconnected or has no load
INFO: [Synth 8-7129] Port POUT[fab][68] in module add_accum is either unconnected or has no load
INFO: [Synth 8-7129] Port POUT[fab][67] in module add_accum is either unconnected or has no load
INFO: [Synth 8-7129] Port POUT[fab][66] in module add_accum is either unconnected or has no load
INFO: [Synth 8-7129] Port POUT[fab][65] in module add_accum is either unconnected or has no load
INFO: [Synth 8-7129] Port POUT[fab][64] in module add_accum is either unconnected or has no load
INFO: [Synth 8-7129] Port POUT[fab][63] in module add_accum is either unconnected or has no load
INFO: [Synth 8-7129] Port POUT[fab][62] in module add_accum is either unconnected or has no load
INFO: [Synth 8-7129] Port POUT[fab][61] in module add_accum is either unconnected or has no load
INFO: [Synth 8-7129] Port POUT[fab][60] in module add_accum is either unconnected or has no load
INFO: [Synth 8-7129] Port POUT[fab][59] in module add_accum is either unconnected or has no load
INFO: [Synth 8-7129] Port POUT[fab][58] in module add_accum is either unconnected or has no load
INFO: [Synth 8-7129] Port POUT[fab][57] in module add_accum is either unconnected or has no load
INFO: [Synth 8-7129] Port POUT[fab][56] in module add_accum is either unconnected or has no load
INFO: [Common 17-14] Message 'Synth 8-7129' appears 100 times and further instances of the messages will be disabled. Use the Tcl command set_msg_config to change the current settings.
---------------------------------------------------------------------------------
Finished RTL Elaboration : Time (s): cpu = 00:00:09 ; elapsed = 00:00:10 . Memory (MB): peak = 1548.434 ; gain = 806.488
---------------------------------------------------------------------------------
---------------------------------------------------------------------------------
Start Handling Custom Attributes
---------------------------------------------------------------------------------
---------------------------------------------------------------------------------
Finished Handling Custom Attributes : Time (s): cpu = 00:00:09 ; elapsed = 00:00:10 . Memory (MB): peak = 1548.434 ; gain = 806.488
---------------------------------------------------------------------------------
---------------------------------------------------------------------------------
Finished RTL Optimization Phase 1 : Time (s): cpu = 00:00:09 ; elapsed = 00:00:10 . Memory (MB): peak = 1548.434 ; gain = 806.488
---------------------------------------------------------------------------------
Netlist sorting complete. Time (s): cpu = 00:00:00 ; elapsed = 00:00:00.031 . Memory (MB): peak = 1548.434 ; gain = 0.000
INFO: [Netlist 29-17] Analyzing 5 Unisim elements for replacement
INFO: [Netlist 29-28] Unisim Transformation completed in 0 CPU seconds
INFO: [Project 1-570] Preparing netlist for logic optimization

Processing XDC Constraints
Initializing timing engine
Parsing XDC File [d:/FPGAProject/dicom_qpsk/dicom_qpsk.gen/sources_1/ip/fir_rrc/fir_rrc_ooc.xdc] for cell 'U0'
Finished Parsing XDC File [d:/FPGAProject/dicom_qpsk/dicom_qpsk.gen/sources_1/ip/fir_rrc/fir_rrc_ooc.xdc] for cell 'U0'
Parsing XDC File [d:/FPGAProject/dicom_qpsk/dicom_qpsk.gen/sources_1/ip/fir_rrc/constraints/fir_compiler_v7_2.xdc] for cell 'U0'
Finished Parsing XDC File [d:/FPGAProject/dicom_qpsk/dicom_qpsk.gen/sources_1/ip/fir_rrc/constraints/fir_compiler_v7_2.xdc] for cell 'U0'
Parsing XDC File [D:/FPGAProject/dicom_qpsk/dicom_qpsk.runs/fir_rrc_synth_1/dont_touch.xdc]
Finished Parsing XDC File [D:/FPGAProject/dicom_qpsk/dicom_qpsk.runs/fir_rrc_synth_1/dont_touch.xdc]
Completed Processing XDC Constraints

Netlist sorting complete. Time (s): cpu = 00:00:00 ; elapsed = 00:00:00 . Memory (MB): peak = 1548.434 ; gain = 0.000
INFO: [Project 1-111] Unisim Transformation Summary:
No Unisim elements were transformed.

Constraint Validation Runtime : Time (s): cpu = 00:00:00 ; elapsed = 00:00:00.028 . Memory (MB): peak = 1548.434 ; gain = 0.000
INFO: [Designutils 20-5008] Incremental synthesis strategy off
---------------------------------------------------------------------------------
Finished Constraint Validation : Time (s): cpu = 00:00:15 ; elapsed = 00:00:16 . Memory (MB): peak = 1548.434 ; gain = 806.488
---------------------------------------------------------------------------------
---------------------------------------------------------------------------------
Start Loading Part and Timing Information
---------------------------------------------------------------------------------
Loading part: xc7a100tfgg484-2
---------------------------------------------------------------------------------
Finished Loading Part and Timing Information : Time (s): cpu = 00:00:15 ; elapsed = 00:00:16 . Memory (MB): peak = 1548.434 ; gain = 806.488
---------------------------------------------------------------------------------
---------------------------------------------------------------------------------
Start Applying 'set_property' XDC Constraints
---------------------------------------------------------------------------------
---------------------------------------------------------------------------------
Finished applying 'set_property' XDC Constraints : Time (s): cpu = 00:00:15 ; elapsed = 00:00:16 . Memory (MB): peak = 1548.434 ; gain = 806.488
---------------------------------------------------------------------------------
---------------------------------------------------------------------------------
Finished RTL Optimization Phase 2 : Time (s): cpu = 00:00:15 ; elapsed = 00:00:16 . Memory (MB): peak = 1548.434 ; gain = 806.488
---------------------------------------------------------------------------------
---------------------------------------------------------------------------------
Start RTL Component Statistics 
---------------------------------------------------------------------------------
---------------------------------------------------------------------------------
Finished RTL Component Statistics 
---------------------------------------------------------------------------------
---------------------------------------------------------------------------------
Start Part Resource Summary
---------------------------------------------------------------------------------
Part Resources:
DSPs: 240 (col length:80)
BRAMs: 270 (col length: RAMB18 80 RAMB36 40)
---------------------------------------------------------------------------------
Finished Part Resource Summary
---------------------------------------------------------------------------------
---------------------------------------------------------------------------------
Start Cross Boundary and Area Optimization
---------------------------------------------------------------------------------
---------------------------------------------------------------------------------
Finished Cross Boundary and Area Optimization : Time (s): cpu = 00:00:17 ; elapsed = 00:00:18 . Memory (MB): peak = 1548.434 ; gain = 806.488
---------------------------------------------------------------------------------
---------------------------------------------------------------------------------
Start Applying XDC Timing Constraints
---------------------------------------------------------------------------------
---------------------------------------------------------------------------------
Finished Applying XDC Timing Constraints : Time (s): cpu = 00:00:22 ; elapsed = 00:00:23 . Memory (MB): peak = 1657.645 ; gain = 915.699
---------------------------------------------------------------------------------
---------------------------------------------------------------------------------
Start Timing Optimization
---------------------------------------------------------------------------------
---------------------------------------------------------------------------------
Finished Timing Optimization : Time (s): cpu = 00:00:22 ; elapsed = 00:00:23 . Memory (MB): peak = 1691.211 ; gain = 949.266
---------------------------------------------------------------------------------
---------------------------------------------------------------------------------
Start Technology Mapping
---------------------------------------------------------------------------------
---------------------------------------------------------------------------------
Finished Technology Mapping : Time (s): cpu = 00:00:22 ; elapsed = 00:00:23 . Memory (MB): peak = 1691.309 ; gain = 949.363
---------------------------------------------------------------------------------
---------------------------------------------------------------------------------
Start IO Insertion
---------------------------------------------------------------------------------
---------------------------------------------------------------------------------
Start Flattening Before IO Insertion
---------------------------------------------------------------------------------
---------------------------------------------------------------------------------
Finished Flattening Before IO Insertion
---------------------------------------------------------------------------------
---------------------------------------------------------------------------------
Start Final Netlist Cleanup
---------------------------------------------------------------------------------
---------------------------------------------------------------------------------
Finished Final Netlist Cleanup
---------------------------------------------------------------------------------
---------------------------------------------------------------------------------
Finished IO Insertion : Time (s): cpu = 00:00:24 ; elapsed = 00:00:26 . Memory (MB): peak = 1919.422 ; gain = 1177.477
---------------------------------------------------------------------------------
---------------------------------------------------------------------------------
Start Renaming Generated Instances
---------------------------------------------------------------------------------
---------------------------------------------------------------------------------
Finished Renaming Generated Instances : Time (s): cpu = 00:00:24 ; elapsed = 00:00:26 . Memory (MB): peak = 1919.422 ; gain = 1177.477
---------------------------------------------------------------------------------
---------------------------------------------------------------------------------
Start Rebuilding User Hierarchy
---------------------------------------------------------------------------------
---------------------------------------------------------------------------------
Finished Rebuilding User Hierarchy : Time (s): cpu = 00:00:24 ; elapsed = 00:00:26 . Memory (MB): peak = 1919.422 ; gain = 1177.477
---------------------------------------------------------------------------------
---------------------------------------------------------------------------------
Start Renaming Generated Ports
---------------------------------------------------------------------------------
---------------------------------------------------------------------------------
Finished Renaming Generated Ports : Time (s): cpu = 00:00:24 ; elapsed = 00:00:26 . Memory (MB): peak = 1919.422 ; gain = 1177.477
---------------------------------------------------------------------------------
---------------------------------------------------------------------------------
Start Handling Custom Attributes
---------------------------------------------------------------------------------
---------------------------------------------------------------------------------
Finished Handling Custom Attributes : Time (s): cpu = 00:00:24 ; elapsed = 00:00:26 . Memory (MB): peak = 1919.422 ; gain = 1177.477
---------------------------------------------------------------------------------
---------------------------------------------------------------------------------
Start Renaming Generated Nets
---------------------------------------------------------------------------------
---------------------------------------------------------------------------------
Finished Renaming Generated Nets : Time (s): cpu = 00:00:24 ; elapsed = 00:00:26 . Memory (MB): peak = 1919.422 ; gain = 1177.477
---------------------------------------------------------------------------------
---------------------------------------------------------------------------------
Start Writing Synthesis Report
---------------------------------------------------------------------------------

DSP Final Report (the ' indicates corresponding REG is set)
+---------------------+------------------------------------------------+--------+--------+--------+--------+--------+------+------+------+------+-------+------+------+
|Module Name          | DSP Mapping                                    | A Size | B Size | C Size | D Size | P Size | AREG | BREG | CREG | DREG | ADREG | MREG | PREG | 
+---------------------+------------------------------------------------+--------+--------+--------+--------+--------+------+------+------+------+-------+------+------+
|calc__parameterized0 | Dynamic                                        | -      | -      | -      | -      | 48     | -    | -    | -    | -    | -     | 0    | 1    | 
|calc_11              | (PCIN+((Dynamically Configured Multiplier))')' | -      | -      | -      | -      | 48     | -    | -    | -    | -    | 1     | 1    | 1    | 
|calc_10              | (PCIN+((Dynamically Configured Multiplier))')' | -      | -      | -      | -      | 48     | -    | -    | -    | -    | 1     | 1    | 1    | 
|calc_9               | (PCIN+((Dynamically Configured Multiplier))')' | -      | -      | -      | -      | 48     | -    | -    | -    | -    | 1     | 1    | 1    | 
|calc                 | (C'+((Dynamically Configured Multiplier))')'   | -      | -      | 0      | -      | 48     | -    | -    | 1    | -    | 1     | 1    | 1    | 
+---------------------+------------------------------------------------+--------+--------+--------+--------+--------+------+------+------+------+-------+------+------+


Report BlackBoxes: 
+-+--------------+----------+
| |BlackBox name |Instances |
+-+--------------+----------+
+-+--------------+----------+

Report Cell Usage: 
+------+---------+------+
|      |Cell     |Count |
+------+---------+------+
|1     |DSP48E1  |     5|
|3     |LUT1     |     4|
|4     |LUT2     |     7|
|5     |LUT3     |    47|
|6     |LUT4     |    23|
|7     |LUT5     |    38|
|8     |LUT6     |    18|
|9     |RAM64M   |     5|
|10    |RAM64X1D |     1|
|11    |SRL16E   |    38|
|12    |FDRE     |   318|
+------+---------+------+
---------------------------------------------------------------------------------
Finished Writing Synthesis Report : Time (s): cpu = 00:00:24 ; elapsed = 00:00:26 . Memory (MB): peak = 1919.422 ; gain = 1177.477
---------------------------------------------------------------------------------
Synthesis finished with 0 errors, 0 critical warnings and 0 warnings.
Synthesis Optimization Runtime : Time (s): cpu = 00:00:13 ; elapsed = 00:00:24 . Memory (MB): peak = 1919.422 ; gain = 1177.477
Synthesis Optimization Complete : Time (s): cpu = 00:00:24 ; elapsed = 00:00:26 . Memory (MB): peak = 1919.422 ; gain = 1177.477
INFO: [Project 1-571] Translating synthesized netlist
Netlist sorting complete. Time (s): cpu = 00:00:00 ; elapsed = 00:00:00.012 . Memory (MB): peak = 1922.426 ; gain = 0.000
INFO: [Netlist 29-17] Analyzing 11 Unisim elements for replacement
INFO: [Netlist 29-28] Unisim Transformation completed in 0 CPU seconds
INFO: [Project 1-570] Preparing netlist for logic optimization
INFO: [Opt 31-138] Pushed 0 inverter(s) to 0 load pin(s).
Netlist sorting complete. Time (s): cpu = 00:00:00 ; elapsed = 00:00:00 . Memory (MB): peak = 1928.910 ; gain = 0.000
INFO: [Project 1-111] Unisim Transformation Summary:
  A total of 6 instances were transformed.
  RAM64M => RAM64M (RAMD64E(x4)): 5 instances
  RAM64X1D => RAM64X1D (RAMD64E(x2)): 1 instance 

Synth Design complete | Checksum: 544fb5ec
INFO: [Common 17-83] Releasing license: Synthesis
121 Infos, 0 Warnings, 0 Critical Warnings and 0 Errors encountered.
synth_design completed successfully
synth_design: Time (s): cpu = 00:00:27 ; elapsed = 00:00:30 . Memory (MB): peak = 1928.910 ; gain = 1390.160
Write ShapeDB Complete: Time (s): cpu = 00:00:00 ; elapsed = 00:00:00.002 . Memory (MB): peak = 1928.910 ; gain = 0.000
INFO: [Common 17-1381] The checkpoint 'D:/FPGAProject/dicom_qpsk/dicom_qpsk.runs/fir_rrc_synth_1/fir_rrc.dcp' has been generated.
INFO: [Coretcl 2-1648] Added synthesis output to IP cache for IP fir_rrc, cache-ID = 3ede420317dd5654
INFO: [Coretcl 2-1174] Renamed 48 cell refs.
Write ShapeDB Complete: Time (s): cpu = 00:00:00 ; elapsed = 00:00:00.002 . Memory (MB): peak = 1928.910 ; gain = 0.000
INFO: [Common 17-1381] The checkpoint 'D:/FPGAProject/dicom_qpsk/dicom_qpsk.runs/fir_rrc_synth_1/fir_rrc.dcp' has been generated.
INFO: [Vivado 12-24828] Executing command : report_utilization -file fir_rrc_utilization_synth.rpt -pb fir_rrc_utilization_synth.pb
INFO: [Common 17-206] Exiting Vivado at Thu Apr  2 21:54:20 2026...
