
*** Running vivado
    with args -log top.vdi -applog -m64 -product Vivado -messageDb vivado.pb -mode batch -source top.tcl -notrace



****** Vivado v2025.2 (64-bit)
  **** SW Build 6299465 on Fri Nov 14 19:35:11 GMT 2025
  **** IP Build 6300035 on Fri Nov 14 10:48:45 MST 2025
  **** SharedData Build 6298862 on Thu Nov 13 04:50:51 MST 2025
  **** Start of session at: Fri Apr  3 02:53:14 2026
    ** Copyright 1986-2022 Xilinx, Inc. All Rights Reserved.
    ** Copyright 2022-2025 Advanced Micro Devices, Inc. All Rights Reserved.

source top.tcl -notrace
create_project: Time (s): cpu = 00:00:06 ; elapsed = 00:00:06 . Memory (MB): peak = 526.703 ; gain = 219.680
Command: link_design -top top -part xc7a100tfgg484-2
Design is defaulting to srcset: sources_1
Design is defaulting to constrset: constrs_1
INFO: [Device 21-403] Loading part xc7a100tfgg484-2

*** Running vivado
    with args -log top.vdi -applog -m64 -product Vivado -messageDb vivado.pb -mode batch -source top.tcl -notrace



****** Vivado v2025.2 (64-bit)
  **** SW Build 6299465 on Fri Nov 14 19:35:11 GMT 2025
  **** IP Build 6300035 on Fri Nov 14 10:48:45 MST 2025
  **** SharedData Build 6298862 on Thu Nov 13 04:50:51 MST 2025
  **** Start of session at: Fri Apr  3 02:55:17 2026
    ** Copyright 1986-2022 Xilinx, Inc. All Rights Reserved.
    ** Copyright 2022-2025 Advanced Micro Devices, Inc. All Rights Reserved.

source top.tcl -notrace
create_project: Time (s): cpu = 00:00:06 ; elapsed = 00:00:06 . Memory (MB): peak = 527.066 ; gain = 219.828
Command: link_design -top top -part xc7a100tfgg484-2
Design is defaulting to srcset: sources_1
Design is defaulting to constrset: constrs_1
INFO: [Device 21-403] Loading part xc7a100tfgg484-2
INFO: [Project 1-5699] Read binary netlist with skipMacroContent - 1
INFO: [Project 1-454] Reading design checkpoint 'd:/FPGAProject/dicom_qpsk/dicom_qpsk.gen/sources_1/ip/ila_0/ila_0.dcp' for cell 'm_ila_0'
INFO: [Project 1-454] Reading design checkpoint 'd:/FPGAProject/dicom_qpsk/dicom_qpsk.gen/sources_1/ip/clk_wiz_0/clk_wiz_0.dcp' for cell 'u_clk_wiz_0'
INFO: [Project 1-454] Reading design checkpoint 'd:/FPGAProject/dicom_qpsk/dicom_qpsk.gen/sources_1/ip/async_fifo_8b/async_fifo_8b.dcp' for cell 'u_udp_fifo'
INFO: [Project 1-454] Reading design checkpoint 'd:/FPGAProject/dicom_qpsk/dicom_qpsk.gen/sources_1/ip/dds_compiler_0/dds_compiler_0.dcp' for cell 'u_qpsk_tx/u_dds_compiler'
Netlist sorting complete. Time (s): cpu = 00:00:00 ; elapsed = 00:00:00.046 . Memory (MB): peak = 832.242 ; gain = 0.000
INFO: [Netlist 29-17] Analyzing 217 Unisim elements for replacement
INFO: [Netlist 29-28] Unisim Transformation completed in 0 CPU seconds
INFO: [Project 1-479] Netlist was created with Vivado 2025.2
INFO: [Project 1-570] Preparing netlist for logic optimization
INFO: [Chipscope 16-324] Core: m_ila_0 UUID: 67826f5f-03a5-5b67-b941-4d01c50e46f3 
Parsing XDC File [d:/FPGAProject/dicom_qpsk/dicom_qpsk.gen/sources_1/ip/clk_wiz_0/clk_wiz_0_board.xdc] for cell 'u_clk_wiz_0/inst'
Finished Parsing XDC File [d:/FPGAProject/dicom_qpsk/dicom_qpsk.gen/sources_1/ip/clk_wiz_0/clk_wiz_0_board.xdc] for cell 'u_clk_wiz_0/inst'
Parsing XDC File [d:/FPGAProject/dicom_qpsk/dicom_qpsk.gen/sources_1/ip/clk_wiz_0/clk_wiz_0.xdc] for cell 'u_clk_wiz_0/inst'
INFO: [Timing 38-35] Done setting XDC timing constraints. [d:/FPGAProject/dicom_qpsk/dicom_qpsk.gen/sources_1/ip/clk_wiz_0/clk_wiz_0.xdc:54]
INFO: [Timing 38-2] Deriving generated clocks [d:/FPGAProject/dicom_qpsk/dicom_qpsk.gen/sources_1/ip/clk_wiz_0/clk_wiz_0.xdc:54]
Finished Parsing XDC File [d:/FPGAProject/dicom_qpsk/dicom_qpsk.gen/sources_1/ip/clk_wiz_0/clk_wiz_0.xdc] for cell 'u_clk_wiz_0/inst'
Parsing XDC File [d:/FPGAProject/dicom_qpsk/dicom_qpsk.gen/sources_1/ip/async_fifo_8b/async_fifo_8b.xdc] for cell 'u_udp_fifo/U0'
Finished Parsing XDC File [d:/FPGAProject/dicom_qpsk/dicom_qpsk.gen/sources_1/ip/async_fifo_8b/async_fifo_8b.xdc] for cell 'u_udp_fifo/U0'
Parsing XDC File [d:/FPGAProject/dicom_qpsk/dicom_qpsk.gen/sources_1/ip/ila_0/ila_v6_2/constraints/ila_impl.xdc] for cell 'm_ila_0/inst'
WARNING: [Vivado_Tcl 4-921] Waiver ID 'CDC-10' -to list should not be empty. [d:/FPGAProject/dicom_qpsk/dicom_qpsk.gen/sources_1/ip/ila_0/ila_v6_2/constraints/ila_impl.xdc:31]
Finished Parsing XDC File [d:/FPGAProject/dicom_qpsk/dicom_qpsk.gen/sources_1/ip/ila_0/ila_v6_2/constraints/ila_impl.xdc] for cell 'm_ila_0/inst'
Parsing XDC File [d:/FPGAProject/dicom_qpsk/dicom_qpsk.gen/sources_1/ip/ila_0/ila_v6_2/constraints/ila.xdc] for cell 'm_ila_0/inst'
WARNING: [Vivado_Tcl 4-921] Waiver ID 'CDC-10' -to list should not be empty. [d:/FPGAProject/dicom_qpsk/dicom_qpsk.gen/sources_1/ip/ila_0/ila_v6_2/constraints/ila.xdc:108]
Finished Parsing XDC File [d:/FPGAProject/dicom_qpsk/dicom_qpsk.gen/sources_1/ip/ila_0/ila_v6_2/constraints/ila.xdc] for cell 'm_ila_0/inst'
Parsing XDC File [D:/FPGAProject/dicom_qpsk/dicom_qpsk.srcs/constrs_1/new/constraints.xdc]
WARNING: [Vivado 12-584] No ports matched 'clk_250m'. [D:/FPGAProject/dicom_qpsk/dicom_qpsk.srcs/constrs_1/new/constraints.xdc:73]
CRITICAL WARNING: [Vivado 12-4739] create_clock:No valid object(s) found for '-objects [get_ports clk_250m]'. [D:/FPGAProject/dicom_qpsk/dicom_qpsk.srcs/constrs_1/new/constraints.xdc:73]
Resolution: Check if the specified object(s) exists in the current design. If it does, ensure that the correct design hierarchy was specified for the object. If you are working with clocks, make sure create_clock was used to create the clock object before it is referenced.
Finished Parsing XDC File [D:/FPGAProject/dicom_qpsk/dicom_qpsk.srcs/constrs_1/new/constraints.xdc]
Parsing XDC File [d:/FPGAProject/dicom_qpsk/dicom_qpsk.gen/sources_1/ip/async_fifo_8b/async_fifo_8b_clocks.xdc] for cell 'u_udp_fifo/U0'
Finished Parsing XDC File [d:/FPGAProject/dicom_qpsk/dicom_qpsk.gen/sources_1/ip/async_fifo_8b/async_fifo_8b_clocks.xdc] for cell 'u_udp_fifo/U0'
INFO: [Project 1-1714] 6 XPM XDC files have been applied to the design.
INFO: [Opt 31-138] Pushed 0 inverter(s) to 0 load pin(s).
INFO: [Project 1-1687] 2 scoped IP constraints or related sub-commands were skipped due to synthesis logic optimizations usually triggered by constant connectivity or unconnected output pins. To review the skipped constraints and messages, run the command 'set_param netlist.IPMsgFiltering false' before opening the design.
Netlist sorting complete. Time (s): cpu = 00:00:00 ; elapsed = 00:00:00.001 . Memory (MB): peak = 1538.762 ; gain = 0.000
INFO: [Project 1-111] Unisim Transformation Summary:
  A total of 36 instances were transformed.
  CFGLUT5 => CFGLUT5 (SRL16E, SRLC32E): 36 instances

17 Infos, 3 Warnings, 1 Critical Warnings and 0 Errors encountered.
link_design completed successfully
link_design: Time (s): cpu = 00:00:10 ; elapsed = 00:00:12 . Memory (MB): peak = 1538.762 ; gain = 967.434
Command: opt_design
Attempting to get a license for feature 'Implementation' and/or device 'xc7a100t'
INFO: [Common 17-349] Got license for feature 'Implementation' and/or device 'xc7a100t'
Running DRC as a precondition to command opt_design

Starting DRC Task
INFO: [DRC 23-27] Running DRC with 2 threads
INFO: [Project 1-461] DRC finished with 0 Errors
INFO: [Project 1-462] Please refer to the DRC report (report_drc) for more information.

Time (s): cpu = 00:00:01 ; elapsed = 00:00:00.561 . Memory (MB): peak = 1538.762 ; gain = 0.000

Starting Cache Timing Information Task
INFO: [Timing 38-35] Done setting XDC timing constraints.
Ending Cache Timing Information Task | Checksum: 1d414820a

Time (s): cpu = 00:00:00 ; elapsed = 00:00:00.124 . Memory (MB): peak = 1538.762 ; gain = 0.000

Starting Logic Optimization Task

Phase 1 Initialization

Phase 1.1 Core Generation And Design Setup

Phase 1.1.1 Generate And Synthesize Debug Cores
INFO: [Chipscope 16-329] Generating Script for core instance : dbg_hub 
INFO: [IP_Flow 19-3806] Processing IP xilinx.com:ip:xsdbm:3.0 for cell dbg_hub_CV.
INFO: [Chipscope 16-469] Using cached IP synthesis design for IP xilinx.com:ip:xsdbm:3.0, cache-ID = 04c369ef7fae2e47.
Done building netlist checker database: Time (s): cpu = 00:00:00 ; elapsed = 00:00:00.001 . Memory (MB): peak = 1988.070 ; gain = 0.000
Netlist sorting complete. Time (s): cpu = 00:00:00 ; elapsed = 00:00:00.018 . Memory (MB): peak = 1988.070 ; gain = 0.000
Phase 1.1.1 Generate And Synthesize Debug Cores | Checksum: 21cafe683

Time (s): cpu = 00:00:02 ; elapsed = 00:00:18 . Memory (MB): peak = 1988.070 ; gain = 22.332
Phase 1.1 Core Generation And Design Setup | Checksum: 21cafe683

Time (s): cpu = 00:00:02 ; elapsed = 00:00:18 . Memory (MB): peak = 1988.070 ; gain = 22.332

Phase 1.2 Setup Constraints And Sort Netlist
Phase 1.2 Setup Constraints And Sort Netlist | Checksum: 21cafe683

Time (s): cpu = 00:00:02 ; elapsed = 00:00:18 . Memory (MB): peak = 1988.070 ; gain = 22.332
Phase 1 Initialization | Checksum: 21cafe683

Time (s): cpu = 00:00:02 ; elapsed = 00:00:18 . Memory (MB): peak = 1988.070 ; gain = 22.332

Phase 2 Timer Update And Timing Data Collection

Phase 2.1 Detect if minReqCache needed
Phase 2.1 Detect if minReqCache needed | Checksum: 21cafe683

Time (s): cpu = 00:00:02 ; elapsed = 00:00:18 . Memory (MB): peak = 1988.070 ; gain = 22.332

Phase 2.2 Timer Update
Phase 2.2 Timer Update | Checksum: 21cafe683

Time (s): cpu = 00:00:02 ; elapsed = 00:00:18 . Memory (MB): peak = 1988.070 ; gain = 22.332

Phase 2.3 Timing Data Collection
Phase 2.3 Timing Data Collection | Checksum: 21cafe683

Time (s): cpu = 00:00:02 ; elapsed = 00:00:18 . Memory (MB): peak = 1988.070 ; gain = 22.332
Phase 2 Timer Update And Timing Data Collection | Checksum: 21cafe683

Time (s): cpu = 00:00:02 ; elapsed = 00:00:18 . Memory (MB): peak = 1988.070 ; gain = 22.332

Phase 3 Retarget
INFO: [Opt 31-1851] Number of loadless carry chains removed were: 0
INFO: [Opt 31-1834] Total Chains To Be Transformed Were: 0 AND Number of Transformed insts Created are: 0
INFO: [Opt 31-138] Pushed 2 inverter(s) to 2 load pin(s).
INFO: [Opt 31-49] Retargeted 0 cell(s).
Phase 3 Retarget | Checksum: 234383340

Time (s): cpu = 00:00:02 ; elapsed = 00:00:18 . Memory (MB): peak = 1988.070 ; gain = 22.332
Retarget | Checksum: 234383340
INFO: [Opt 31-389] Phase Retarget created 5 cells and removed 20 cells
INFO: [Opt 31-1021] In phase Retarget, 89 netlist objects are constrained preventing optimization. Please run opt_design with -debug_log to get more detail. 

Phase 4 Constant propagation
INFO: [Opt 31-138] Pushed 0 inverter(s) to 0 load pin(s).
Phase 4 Constant propagation | Checksum: 22081e3c7

Time (s): cpu = 00:00:02 ; elapsed = 00:00:18 . Memory (MB): peak = 1988.070 ; gain = 22.332
Constant propagation | Checksum: 22081e3c7
INFO: [Opt 31-389] Phase Constant propagation created 0 cells and removed 17 cells
INFO: [Opt 31-1021] In phase Constant propagation, 53 netlist objects are constrained preventing optimization. Please run opt_design with -debug_log to get more detail. 

Phase 5 Sweep
INFO: [Constraints 18-11670] Building netlist checker database with flags, 0x8
Done building netlist checker database: Time (s): cpu = 00:00:00 ; elapsed = 00:00:00.001 . Memory (MB): peak = 1988.070 ; gain = 0.000
INFO: [Constraints 18-11670] Building netlist checker database with flags, 0x8
Done building netlist checker database: Time (s): cpu = 00:00:00 ; elapsed = 00:00:00.001 . Memory (MB): peak = 1988.070 ; gain = 0.000
Phase 5 Sweep | Checksum: 1cbc74d86

Time (s): cpu = 00:00:02 ; elapsed = 00:00:18 . Memory (MB): peak = 1988.070 ; gain = 22.332
Sweep | Checksum: 1cbc74d86
INFO: [Opt 31-389] Phase Sweep created 0 cells and removed 155 cells
INFO: [Opt 31-1021] In phase Sweep, 873 netlist objects are constrained preventing optimization. Please run opt_design with -debug_log to get more detail. 

Phase 6 BUFG optimization
INFO: [Opt 31-194] Inserted BUFG eth_rx_clk_IBUF_BUFG_inst to drive 179 load(s) on clock net eth_rx_clk_IBUF_BUFG
INFO: [Opt 31-193] Inserted 1 BUFG(s) on clock nets
Phase 6 BUFG optimization | Checksum: 212a2e23a

Time (s): cpu = 00:00:02 ; elapsed = 00:00:18 . Memory (MB): peak = 1988.070 ; gain = 22.332
BUFG optimization | Checksum: 212a2e23a
INFO: [Opt 31-662] Phase BUFG optimization created 1 cells of which 1 are BUFGs and removed 0 cells.

Phase 7 Shift Register Optimization
INFO: [Opt 31-1064] SRL Remap converted 0 SRLs to 0 registers and converted 0 registers of register chains to 0 SRLs
Phase 7 Shift Register Optimization | Checksum: 212a2e23a

Time (s): cpu = 00:00:02 ; elapsed = 00:00:18 . Memory (MB): peak = 1988.070 ; gain = 22.332
Shift Register Optimization | Checksum: 212a2e23a
INFO: [Opt 31-389] Phase Shift Register Optimization created 0 cells and removed 0 cells

Phase 8 Post Processing Netlist
Phase 8 Post Processing Netlist | Checksum: 1e8410399

Time (s): cpu = 00:00:02 ; elapsed = 00:00:18 . Memory (MB): peak = 1988.070 ; gain = 22.332
Post Processing Netlist | Checksum: 1e8410399
INFO: [Opt 31-389] Phase Post Processing Netlist created 0 cells and removed 0 cells
INFO: [Opt 31-1021] In phase Post Processing Netlist, 64 netlist objects are constrained preventing optimization. Please run opt_design with -debug_log to get more detail. 

Phase 9 Finalization

Phase 9.1 Finalizing Design Cores and Updating Shapes
Phase 9.1 Finalizing Design Cores and Updating Shapes | Checksum: 1d1873468

Time (s): cpu = 00:00:02 ; elapsed = 00:00:19 . Memory (MB): peak = 1988.070 ; gain = 22.332

Phase 9.2 Verifying Netlist Connectivity

Starting Connectivity Check Task

Time (s): cpu = 00:00:00 ; elapsed = 00:00:00.011 . Memory (MB): peak = 1988.070 ; gain = 0.000
Phase 9.2 Verifying Netlist Connectivity | Checksum: 1d1873468

Time (s): cpu = 00:00:02 ; elapsed = 00:00:19 . Memory (MB): peak = 1988.070 ; gain = 22.332
Phase 9 Finalization | Checksum: 1d1873468

Time (s): cpu = 00:00:02 ; elapsed = 00:00:19 . Memory (MB): peak = 1988.070 ; gain = 22.332
Opt_design Change Summary
=========================


-------------------------------------------------------------------------------------------------------------------------
|  Phase                        |  #Cells created  |  #Cells Removed  |  #Constrained objects preventing optimizations  |
-------------------------------------------------------------------------------------------------------------------------
|  Retarget                     |               5  |              20  |                                             89  |
|  Constant propagation         |               0  |              17  |                                             53  |
|  Sweep                        |               0  |             155  |                                            873  |
|  BUFG optimization            |               1  |               0  |                                              0  |
|  Shift Register Optimization  |               0  |               0  |                                              0  |
|  Post Processing Netlist      |               0  |               0  |                                             64  |
-------------------------------------------------------------------------------------------------------------------------


Ending Logic Optimization Task | Checksum: 1d1873468

Time (s): cpu = 00:00:02 ; elapsed = 00:00:19 . Memory (MB): peak = 1988.070 ; gain = 22.332

Starting Power Optimization Task
INFO: [Pwropt 34-132] Skipping clock gating for clocks with a period < 2.00 ns.
INFO: [Timing 38-35] Done setting XDC timing constraints.
Running Vector-less Activity Propagation...

Finished Running Vector-less Activity Propagation
INFO: [Pwropt 34-9] Applying IDT optimizations ...
INFO: [Pwropt 34-10] Applying ODC optimizations ...


Starting PowerOpt Patch Enables Task
INFO: [Pwropt 34-162] WRITE_MODE attribute of 16 BRAM(s) out of a total of 34 has been updated to save power. Run report_power_opt to get a complete listing of the BRAMs updated.
INFO: [Pwropt 34-201] Structural ODC has moved 0 WE to EN ports
Number of BRAM Ports augmented: 49 newly gated: 0 Total Ports: 68
Number of Flops added for Enable Generation: 2

Ending PowerOpt Patch Enables Task | Checksum: 1e8526fff

Time (s): cpu = 00:00:00 ; elapsed = 00:00:00.201 . Memory (MB): peak = 1988.070 ; gain = 0.000
Ending Power Optimization Task | Checksum: 1e8526fff

Time (s): cpu = 00:00:03 ; elapsed = 00:00:02 . Memory (MB): peak = 1988.070 ; gain = 0.000

Starting Final Cleanup Task

Starting Logic Optimization Task
INFO: [Timing 38-35] Done setting XDC timing constraints.
Ending Logic Optimization Task | Checksum: 208c71dc7

Time (s): cpu = 00:00:01 ; elapsed = 00:00:00.302 . Memory (MB): peak = 2051.195 ; gain = 49.449
Ending Final Cleanup Task | Checksum: 208c71dc7

Time (s): cpu = 00:00:03 ; elapsed = 00:00:03 . Memory (MB): peak = 2051.195 ; gain = 63.125
Netlist sorting complete. Time (s): cpu = 00:00:00 ; elapsed = 00:00:00.002 . Memory (MB): peak = 2051.195 ; gain = 0.000
INFO: [Common 17-83] Releasing license: Implementation
57 Infos, 3 Warnings, 1 Critical Warnings and 0 Errors encountered.
opt_design completed successfully
opt_design: Time (s): cpu = 00:00:11 ; elapsed = 00:00:26 . Memory (MB): peak = 2051.195 ; gain = 512.434
INFO: [Vivado 12-24828] Executing command : report_drc -file top_drc_opted.rpt -pb top_drc_opted.pb -rpx top_drc_opted.rpx
Command: report_drc -file top_drc_opted.rpt -pb top_drc_opted.pb -rpx top_drc_opted.rpx
INFO: [IP_Flow 19-1839] IP Catalog is up to date.
INFO: [DRC 23-27] Running DRC with 2 threads
INFO: [Vivado_Tcl 2-168] The results of DRC are in file D:/FPGAProject/dicom_qpsk/dicom_qpsk.runs/impl_1/top_drc_opted.rpt.
report_drc completed successfully
INFO: [Timing 38-480] Writing timing data to binary archive.
Wrote PlaceDB: Time (s): cpu = 00:00:00 ; elapsed = 00:00:00 . Memory (MB): peak = 2051.195 ; gain = 0.000
Wrote PulsedLatchDB: Time (s): cpu = 00:00:00 ; elapsed = 00:00:00 . Memory (MB): peak = 2051.195 ; gain = 0.000
Writing XDEF routing.
Write ShapeDB Complete: Time (s): cpu = 00:00:00 ; elapsed = 00:00:00.006 . Memory (MB): peak = 2051.195 ; gain = 0.000
Writing XDEF routing logical nets.
Writing XDEF routing special nets.
Wrote RouteStorage: Time (s): cpu = 00:00:00 ; elapsed = 00:00:00.013 . Memory (MB): peak = 2051.195 ; gain = 0.000
Wrote PlaceStorage: Time (s): cpu = 00:00:00 ; elapsed = 00:00:00.001 . Memory (MB): peak = 2051.195 ; gain = 0.000
Wrote Netlist Cache: Time (s): cpu = 00:00:00 ; elapsed = 00:00:00 . Memory (MB): peak = 2051.195 ; gain = 0.000
Wrote Device Cache: Time (s): cpu = 00:00:00 ; elapsed = 00:00:00.004 . Memory (MB): peak = 2051.195 ; gain = 0.000
Write Physdb Complete: Time (s): cpu = 00:00:00 ; elapsed = 00:00:00.025 . Memory (MB): peak = 2051.195 ; gain = 0.000
INFO: [Common 17-1381] The checkpoint 'D:/FPGAProject/dicom_qpsk/dicom_qpsk.runs/impl_1/top_opt.dcp' has been generated.
INFO: [Chipscope 16-240] Debug cores have already been implemented
Command: place_design
Attempting to get a license for feature 'Implementation' and/or device 'xc7a100t'
INFO: [Common 17-349] Got license for feature 'Implementation' and/or device 'xc7a100t'
INFO: [Common 17-83] Releasing license: Implementation
INFO: [DRC 23-27] Running DRC with 2 threads
INFO: [Vivado_Tcl 4-198] DRC finished with 0 Errors
INFO: [Vivado_Tcl 4-199] Please refer to the DRC report (report_drc) for more information.
INFO: [Timing 38-35] Done setting XDC timing constraints.
Running DRC as a precondition to command place_design
INFO: [DRC 23-27] Running DRC with 2 threads
INFO: [Vivado_Tcl 4-198] DRC finished with 0 Errors, 21 Warnings
INFO: [Vivado_Tcl 4-199] Please refer to the DRC report (report_drc) for more information.
INFO: [Place 30-611] Multithreading enabled for place_design using a maximum of 2 CPUs

Starting Placer Task

Phase 1 Placer Initialization

Phase 1.1 Placer Initialization Netlist Sorting
Netlist sorting complete. Time (s): cpu = 00:00:00 ; elapsed = 00:00:00.001 . Memory (MB): peak = 2051.195 ; gain = 0.000
Phase 1.1 Placer Initialization Netlist Sorting | Checksum: 1183f3e57

Time (s): cpu = 00:00:00 ; elapsed = 00:00:00.004 . Memory (MB): peak = 2051.195 ; gain = 0.000
Netlist sorting complete. Time (s): cpu = 00:00:00 ; elapsed = 00:00:00.002 . Memory (MB): peak = 2051.195 ; gain = 0.000

Phase 1.2 IO Placement/ Clock Placement/ Build Placer Device
Phase 1.2 IO Placement/ Clock Placement/ Build Placer Device | Checksum: 195856855

Time (s): cpu = 00:00:01 ; elapsed = 00:00:00.475 . Memory (MB): peak = 2051.195 ; gain = 0.000

Phase 1.3 Build Placer Netlist Model
Phase 1.3 Build Placer Netlist Model | Checksum: 1c87adf78

Time (s): cpu = 00:00:02 ; elapsed = 00:00:01 . Memory (MB): peak = 2051.195 ; gain = 0.000

Phase 1.4 Constrain Clocks/Macros
Phase 1.4 Constrain Clocks/Macros | Checksum: 1c87adf78

Time (s): cpu = 00:00:02 ; elapsed = 00:00:01 . Memory (MB): peak = 2051.195 ; gain = 0.000
Phase 1 Placer Initialization | Checksum: 1c87adf78

Time (s): cpu = 00:00:02 ; elapsed = 00:00:01 . Memory (MB): peak = 2051.195 ; gain = 0.000

Phase 2 Global Placement

Phase 2.1 Floorplanning
Phase 2.1 Floorplanning | Checksum: 25eb8c5de

Time (s): cpu = 00:00:02 ; elapsed = 00:00:02 . Memory (MB): peak = 2051.195 ; gain = 0.000

Phase 2.2 Update Timing before SLR Path Opt
Phase 2.2 Update Timing before SLR Path Opt | Checksum: 1b49e6845

Time (s): cpu = 00:00:03 ; elapsed = 00:00:02 . Memory (MB): peak = 2051.195 ; gain = 0.000

Phase 2.3 Post-Processing in Floorplanning
Phase 2.3 Post-Processing in Floorplanning | Checksum: 1b49e6845

Time (s): cpu = 00:00:03 ; elapsed = 00:00:02 . Memory (MB): peak = 2051.195 ; gain = 0.000

Phase 2.4 Global Place Phase1
Phase 2.4 Global Place Phase1 | Checksum: 16f657393

Time (s): cpu = 00:00:09 ; elapsed = 00:00:05 . Memory (MB): peak = 2051.195 ; gain = 0.000

Phase 2.5 Global Place Phase2

Phase 2.5.1 UpdateTiming Before Physical Synthesis
Phase 2.5.1 UpdateTiming Before Physical Synthesis | Checksum: 16196bdd8

Time (s): cpu = 00:00:09 ; elapsed = 00:00:06 . Memory (MB): peak = 2051.195 ; gain = 0.000

Phase 2.5.2 Physical Synthesis In Placer
INFO: [Physopt 32-1035] Found 1 LUTNM shape to break, 210 LUT instances to create LUTNM shape
INFO: [Physopt 32-1044] Break lutnm for timing: one critical 1, two critical 0, total 1, new lutff created 0
INFO: [Physopt 32-1138] End 1 Pass. Optimized 98 nets or LUTs. Breaked 1 LUT, combined 97 existing LUTs and moved 0 existing LUT
INFO: [Physopt 32-65] No nets found for high-fanout optimization.
INFO: [Physopt 32-232] Optimized 0 net. Created 0 new instance.
INFO: [Physopt 32-775] End 1 Pass. Optimized 0 net or cell. Created 0 new cell, deleted 0 existing cell and moved 0 existing cell
INFO: [Physopt 32-456] No candidate cells for DSP register optimization found in the design.
INFO: [Physopt 32-775] End 2 Pass. Optimized 0 net or cell. Created 0 new cell, deleted 0 existing cell and moved 0 existing cell
INFO: [Physopt 32-1123] No candidate cells found for Shift Register to Pipeline optimization
INFO: [Physopt 32-775] End 2 Pass. Optimized 0 net or cell. Created 0 new cell, deleted 0 existing cell and moved 0 existing cell
INFO: [Physopt 32-1401] No candidate cells found for Shift Register optimization.
INFO: [Physopt 32-677] No candidate cells for Shift Register optimization found in the design
INFO: [Physopt 32-775] End 1 Pass. Optimized 0 net or cell. Created 0 new cell, deleted 0 existing cell and moved 0 existing cell
INFO: [Physopt 32-526] No candidate cells for BRAM register optimization found in the design
INFO: [Physopt 32-775] End 1 Pass. Optimized 0 net or cell. Created 0 new cell, deleted 0 existing cell and moved 0 existing cell
INFO: [Physopt 32-846] No candidate cells for URAM register optimization found in the design
INFO: [Physopt 32-775] End 1 Pass. Optimized 0 net or cell. Created 0 new cell, deleted 0 existing cell and moved 0 existing cell
INFO: [Physopt 32-846] No candidate cells for URAM register optimization found in the design
INFO: [Physopt 32-775] End 1 Pass. Optimized 0 net or cell. Created 0 new cell, deleted 0 existing cell and moved 0 existing cell
INFO: [Physopt 32-949] No candidate nets found for dynamic/static region interface net replication
INFO: [Physopt 32-775] End 1 Pass. Optimized 0 net or cell. Created 0 new cell, deleted 0 existing cell and moved 0 existing cell
Netlist sorting complete. Time (s): cpu = 00:00:00 ; elapsed = 00:00:00.002 . Memory (MB): peak = 2051.195 ; gain = 0.000

Summary of Physical Synthesis Optimizations
============================================


-----------------------------------------------------------------------------------------------------------------------------------------------------------
|  Optimization                                     |  Added Cells  |  Removed Cells  |  Optimized Cells/Nets  |  Dont Touch  |  Iterations  |  Elapsed   |
-----------------------------------------------------------------------------------------------------------------------------------------------------------
|  LUT Combining                                    |            1  |             97  |                    98  |           0  |           1  |  00:00:00  |
|  Retime                                           |            0  |              0  |                     0  |           0  |           1  |  00:00:00  |
|  Very High Fanout                                 |            0  |              0  |                     0  |           0  |           1  |  00:00:00  |
|  DSP Register                                     |            0  |              0  |                     0  |           0  |           1  |  00:00:00  |
|  Shift Register to Pipeline                       |            0  |              0  |                     0  |           0  |           1  |  00:00:00  |
|  Shift Register                                   |            0  |              0  |                     0  |           0  |           1  |  00:00:00  |
|  BRAM Register                                    |            0  |              0  |                     0  |           0  |           1  |  00:00:00  |
|  URAM Register                                    |            0  |              0  |                     0  |           0  |           1  |  00:00:00  |
|  Dynamic/Static Region Interface Net Replication  |            0  |              0  |                     0  |           0  |           1  |  00:00:00  |
|  Total                                            |            1  |             97  |                    98  |           0  |           9  |  00:00:00  |
-----------------------------------------------------------------------------------------------------------------------------------------------------------


Phase 2.5.2 Physical Synthesis In Placer | Checksum: 21e1efb76

Time (s): cpu = 00:00:10 ; elapsed = 00:00:06 . Memory (MB): peak = 2051.195 ; gain = 0.000
Phase 2.5 Global Place Phase2 | Checksum: 24b7be394

Time (s): cpu = 00:00:11 ; elapsed = 00:00:06 . Memory (MB): peak = 2051.195 ; gain = 0.000
Phase 2 Global Placement | Checksum: 24b7be394

Time (s): cpu = 00:00:11 ; elapsed = 00:00:06 . Memory (MB): peak = 2051.195 ; gain = 0.000

Phase 3 Detail Placement

Phase 3.1 Commit Multi Column Macros
Phase 3.1 Commit Multi Column Macros | Checksum: 24991ac5c

Time (s): cpu = 00:00:11 ; elapsed = 00:00:07 . Memory (MB): peak = 2051.195 ; gain = 0.000

Phase 3.2 Commit Most Macros & LUTRAMs
Phase 3.2 Commit Most Macros & LUTRAMs | Checksum: 35ab69ca5

Time (s): cpu = 00:00:12 ; elapsed = 00:00:07 . Memory (MB): peak = 2051.195 ; gain = 0.000

Phase 3.3 Area Swap Optimization
Phase 3.3 Area Swap Optimization | Checksum: 2867d0911

Time (s): cpu = 00:00:12 ; elapsed = 00:00:07 . Memory (MB): peak = 2051.195 ; gain = 0.000

Phase 3.4 Pipeline Register Optimization
Phase 3.4 Pipeline Register Optimization | Checksum: 31dce87de

Time (s): cpu = 00:00:12 ; elapsed = 00:00:07 . Memory (MB): peak = 2051.195 ; gain = 0.000

Phase 3.5 Fast Optimization
Phase 3.5 Fast Optimization | Checksum: 328f4bed1

Time (s): cpu = 00:00:13 ; elapsed = 00:00:08 . Memory (MB): peak = 2051.195 ; gain = 0.000

Phase 3.6 Small Shape Detail Placement
Phase 3.6 Small Shape Detail Placement | Checksum: 36bd043e9

Time (s): cpu = 00:00:14 ; elapsed = 00:00:09 . Memory (MB): peak = 2051.195 ; gain = 0.000

Phase 3.7 Re-assign LUT pins
Phase 3.7 Re-assign LUT pins | Checksum: 38f11b57d

Time (s): cpu = 00:00:15 ; elapsed = 00:00:10 . Memory (MB): peak = 2051.195 ; gain = 0.000

Phase 3.8 Pipeline Register Optimization
Phase 3.8 Pipeline Register Optimization | Checksum: 324527e51

Time (s): cpu = 00:00:15 ; elapsed = 00:00:10 . Memory (MB): peak = 2051.195 ; gain = 0.000

Phase 3.9 Fast Optimization
Phase 3.9 Fast Optimization | Checksum: 2b0bfbbf1

Time (s): cpu = 00:00:16 ; elapsed = 00:00:11 . Memory (MB): peak = 2051.195 ; gain = 0.000
Phase 3 Detail Placement | Checksum: 2b0bfbbf1

Time (s): cpu = 00:00:17 ; elapsed = 00:00:11 . Memory (MB): peak = 2051.195 ; gain = 0.000

Phase 4 Post Placement Optimization and Clean-Up

Phase 4.1 Post Commit Optimization
INFO: [Timing 38-35] Done setting XDC timing constraints.

Phase 4.1.1 Post Placement Optimization
Post Placement Optimization Initialization | Checksum: 2bdd49a40

Phase 4.1.1.1 BUFG Insertion

Starting Physical Synthesis Task

Phase 1 Physical Synthesis Initialization
INFO: [Physopt 32-721] Multithreading enabled for phys_opt_design using a maximum of 2 CPUs
INFO: [Physopt 32-619] Estimated Timing Summary | WNS=-0.105 | TNS=-0.340 |
Phase 1 Physical Synthesis Initialization | Checksum: 27d2eaab4

Time (s): cpu = 00:00:00 ; elapsed = 00:00:00.074 . Memory (MB): peak = 2051.195 ; gain = 0.000
INFO: [Place 46-56] BUFG insertion identified 0 candidate nets. Inserted BUFG: 0, Replicated BUFG Driver: 0, Skipped due to Placement/Routing Conflicts: 0, Skipped due to Timing Degradation: 0, Skipped due to netlist editing failed: 0.
Ending Physical Synthesis Task | Checksum: 2af59c362

Time (s): cpu = 00:00:00 ; elapsed = 00:00:00.085 . Memory (MB): peak = 2051.195 ; gain = 0.000
Phase 4.1.1.1 BUFG Insertion | Checksum: 2bdd49a40

Time (s): cpu = 00:00:18 ; elapsed = 00:00:12 . Memory (MB): peak = 2051.195 ; gain = 0.000

Phase 4.1.1.2 Post Placement Timing Optimization
INFO: [Place 30-746] Post Placement Timing Summary WNS=0.157. For the most accurate timing information please run report_timing.
Phase 4.1.1.2 Post Placement Timing Optimization | Checksum: 1e8488e60

Time (s): cpu = 00:00:27 ; elapsed = 00:00:21 . Memory (MB): peak = 2051.195 ; gain = 0.000

Time (s): cpu = 00:00:27 ; elapsed = 00:00:21 . Memory (MB): peak = 2051.195 ; gain = 0.000
Phase 4.1 Post Commit Optimization | Checksum: 1e8488e60

Time (s): cpu = 00:00:28 ; elapsed = 00:00:21 . Memory (MB): peak = 2051.195 ; gain = 0.000

Phase 4.2 Post Placement Cleanup
Phase 4.2 Post Placement Cleanup | Checksum: 1e8488e60

Time (s): cpu = 00:00:28 ; elapsed = 00:00:21 . Memory (MB): peak = 2051.195 ; gain = 0.000

Phase 4.3 Placer Reporting

Phase 4.3.1 Print Estimated Congestion
INFO: [Place 30-612] Post-Placement Estimated Congestion 
 ____________________________________________________
|           | Global Congestion | Short Congestion  |
| Direction | Region Size       | Region Size       |
|___________|___________________|___________________|
|      North|                1x1|                1x1|
|___________|___________________|___________________|
|      South|                1x1|                1x1|
|___________|___________________|___________________|
|       East|                1x1|                1x1|
|___________|___________________|___________________|
|       West|                1x1|                1x1|
|___________|___________________|___________________|

Phase 4.3.1 Print Estimated Congestion | Checksum: 1e8488e60

Time (s): cpu = 00:00:28 ; elapsed = 00:00:21 . Memory (MB): peak = 2051.195 ; gain = 0.000
Phase 4.3 Placer Reporting | Checksum: 1e8488e60

Time (s): cpu = 00:00:28 ; elapsed = 00:00:21 . Memory (MB): peak = 2051.195 ; gain = 0.000

Phase 4.4 Final Placement Cleanup
Netlist sorting complete. Time (s): cpu = 00:00:00 ; elapsed = 00:00:00.002 . Memory (MB): peak = 2051.195 ; gain = 0.000

Time (s): cpu = 00:00:28 ; elapsed = 00:00:21 . Memory (MB): peak = 2051.195 ; gain = 0.000
Phase 4 Post Placement Optimization and Clean-Up | Checksum: 213d89ec5

Time (s): cpu = 00:00:28 ; elapsed = 00:00:21 . Memory (MB): peak = 2051.195 ; gain = 0.000
Ending Placer Task | Checksum: 1cb63a4c5

Time (s): cpu = 00:00:28 ; elapsed = 00:00:21 . Memory (MB): peak = 2051.195 ; gain = 0.000
101 Infos, 3 Warnings, 1 Critical Warnings and 0 Errors encountered.
place_design completed successfully
place_design: Time (s): cpu = 00:00:29 ; elapsed = 00:00:22 . Memory (MB): peak = 2051.195 ; gain = 0.000
INFO: [Vivado 12-24838] Running report commands "report_control_sets, report_io, report_utilization" in parallel.
Running report generation with 2 threads.
INFO: [Vivado 12-24828] Executing command : report_utilization -file top_utilization_placed.rpt -pb top_utilization_placed.pb
INFO: [Vivado 12-24828] Executing command : report_control_sets -verbose -file top_control_sets_placed.rpt
report_control_sets: Time (s): cpu = 00:00:00 ; elapsed = 00:00:00.017 . Memory (MB): peak = 2051.195 ; gain = 0.000
INFO: [Vivado 12-24828] Executing command : report_io -file top_io_placed.rpt
report_io: Time (s): cpu = 00:00:00 ; elapsed = 00:00:00.089 . Memory (MB): peak = 2051.195 ; gain = 0.000
INFO: [Timing 38-480] Writing timing data to binary archive.
Wrote PlaceDB: Time (s): cpu = 00:00:00 ; elapsed = 00:00:00 . Memory (MB): peak = 2051.195 ; gain = 0.000
Wrote PulsedLatchDB: Time (s): cpu = 00:00:00 ; elapsed = 00:00:00 . Memory (MB): peak = 2051.195 ; gain = 0.000
Writing XDEF routing.
Write ShapeDB Complete: Time (s): cpu = 00:00:00 ; elapsed = 00:00:00.010 . Memory (MB): peak = 2051.195 ; gain = 0.000
Writing XDEF routing logical nets.
Writing XDEF routing special nets.
Wrote RouteStorage: Time (s): cpu = 00:00:00 ; elapsed = 00:00:00.014 . Memory (MB): peak = 2051.195 ; gain = 0.000
Wrote PlaceStorage: Time (s): cpu = 00:00:00 ; elapsed = 00:00:00.159 . Memory (MB): peak = 2051.195 ; gain = 0.000
Wrote Netlist Cache: Time (s): cpu = 00:00:00 ; elapsed = 00:00:00.006 . Memory (MB): peak = 2051.195 ; gain = 0.000
Wrote Device Cache: Time (s): cpu = 00:00:00 ; elapsed = 00:00:00.004 . Memory (MB): peak = 2051.195 ; gain = 0.000
Write Physdb Complete: Time (s): cpu = 00:00:00 ; elapsed = 00:00:00.191 . Memory (MB): peak = 2051.195 ; gain = 0.000
INFO: [Common 17-1381] The checkpoint 'D:/FPGAProject/dicom_qpsk/dicom_qpsk.runs/impl_1/top_placed.dcp' has been generated.
Command: phys_opt_design
Attempting to get a license for feature 'Implementation' and/or device 'xc7a100t'
INFO: [Common 17-349] Got license for feature 'Implementation' and/or device 'xc7a100t'

Starting Initial Update Timing Task

Time (s): cpu = 00:00:01 ; elapsed = 00:00:00.561 . Memory (MB): peak = 2051.195 ; gain = 0.000
INFO: [Vivado_Tcl 4-2279] Estimated Timing Summary | WNS= 0.157 | TNS= 0.000 | 
INFO: [Vivado_Tcl 4-383] Design worst setup slack (WNS) is greater than or equal to 0.000 ns. All physical synthesis setup optimizations will be skipped.
INFO: [Vivado_Tcl 4-232] No setup violation found. The netlist was not modified.
INFO: [Common 17-83] Releasing license: Implementation
112 Infos, 3 Warnings, 1 Critical Warnings and 0 Errors encountered.
phys_opt_design completed successfully
INFO: [Timing 38-480] Writing timing data to binary archive.
Wrote PlaceDB: Time (s): cpu = 00:00:00 ; elapsed = 00:00:00 . Memory (MB): peak = 2051.195 ; gain = 0.000
Wrote PulsedLatchDB: Time (s): cpu = 00:00:00 ; elapsed = 00:00:00 . Memory (MB): peak = 2051.195 ; gain = 0.000
Writing XDEF routing.
Write ShapeDB Complete: Time (s): cpu = 00:00:00 ; elapsed = 00:00:00.010 . Memory (MB): peak = 2051.195 ; gain = 0.000
Writing XDEF routing logical nets.
Writing XDEF routing special nets.
Wrote RouteStorage: Time (s): cpu = 00:00:00 ; elapsed = 00:00:00.013 . Memory (MB): peak = 2051.195 ; gain = 0.000
Wrote PlaceStorage: Time (s): cpu = 00:00:00 ; elapsed = 00:00:00.151 . Memory (MB): peak = 2051.195 ; gain = 0.000
Wrote Netlist Cache: Time (s): cpu = 00:00:00 ; elapsed = 00:00:00.005 . Memory (MB): peak = 2051.195 ; gain = 0.000
Wrote Device Cache: Time (s): cpu = 00:00:00 ; elapsed = 00:00:00.004 . Memory (MB): peak = 2051.195 ; gain = 0.000
Write Physdb Complete: Time (s): cpu = 00:00:00 ; elapsed = 00:00:00.181 . Memory (MB): peak = 2051.195 ; gain = 0.000
INFO: [Common 17-1381] The checkpoint 'D:/FPGAProject/dicom_qpsk/dicom_qpsk.runs/impl_1/top_physopt.dcp' has been generated.
Command: route_design
Attempting to get a license for feature 'Implementation' and/or device 'xc7a100t'
INFO: [Common 17-349] Got license for feature 'Implementation' and/or device 'xc7a100t'


Starting Routing Task
INFO: [Route 35-254] Multithreading enabled for route_design using a maximum of 2 CPUs

Phase 1 Build RT Design
Checksum: PlaceDB: 39509d8b ConstDB: 0 ShapeSum: e040a7a4 RouteDB: b1d25f96
Post Restoration Checksum: NetGraph: cfcbb7da | NumContArr: a0409269 | Constraints: c2a8fa9d | Timing: c2a8fa9d
Phase 1 Build RT Design | Checksum: 2f55e3f7d

Time (s): cpu = 00:00:20 ; elapsed = 00:00:18 . Memory (MB): peak = 2051.195 ; gain = 0.000

Phase 2 Router Initialization

Phase 2.1 Fix Topology Constraints
Phase 2.1 Fix Topology Constraints | Checksum: 2f55e3f7d

Time (s): cpu = 00:00:20 ; elapsed = 00:00:18 . Memory (MB): peak = 2051.195 ; gain = 0.000

Phase 2.2 Pre Route Cleanup
Phase 2.2 Pre Route Cleanup | Checksum: 2f55e3f7d

Time (s): cpu = 00:00:20 ; elapsed = 00:00:18 . Memory (MB): peak = 2051.195 ; gain = 0.000

Phase 2.3 Update Timing
Phase 2.3 Update Timing | Checksum: 1f89516c1

Time (s): cpu = 00:00:23 ; elapsed = 00:00:20 . Memory (MB): peak = 2051.195 ; gain = 0.000
INFO: [Route 35-416] Intermediate Timing Summary | WNS=0.174  | TNS=0.000  | WHS=-1.136 | THS=-195.278|


Phase 2.4 Update Timing for Bus Skew

Phase 2.4.1 Update Timing
Phase 2.4.1 Update Timing | Checksum: 1d28e581b

Time (s): cpu = 00:00:24 ; elapsed = 00:00:21 . Memory (MB): peak = 2051.195 ; gain = 0.000
INFO: [Route 35-416] Intermediate Timing Summary | WNS=0.174  | TNS=0.000  | WHS=-1.790 | THS=-18.657|

Phase 2.4 Update Timing for Bus Skew | Checksum: 230bfbe40

Time (s): cpu = 00:00:24 ; elapsed = 00:00:21 . Memory (MB): peak = 2051.195 ; gain = 0.000

Phase 2.5 Soft Constraint Pins - Fast Budgeting
Phase 2.5 Soft Constraint Pins - Fast Budgeting | Checksum: 230bfbe40

Time (s): cpu = 00:00:24 ; elapsed = 00:00:21 . Memory (MB): peak = 2051.195 ; gain = 0.000

Router Utilization Summary
  Global Vertical Routing Utilization    = 0 %
  Global Horizontal Routing Utilization  = 0 %
  Routable Net Status*
  *Does not include unroutable nets such as driverless and loadless.
  Run report_route_status for detailed report.
  Number of Failed Nets               = 4795
    (Failed Nets is the sum of unrouted and partially routed nets)
  Number of Unrouted Nets             = 4794
  Number of Partially Routed Nets     = 1
  Number of Node Overlaps             = 1

Phase 2 Router Initialization | Checksum: 1abd33c71

Time (s): cpu = 00:00:24 ; elapsed = 00:00:21 . Memory (MB): peak = 2051.195 ; gain = 0.000

Phase 3 Global Routing
Phase 3 Global Routing | Checksum: 1abd33c71

Time (s): cpu = 00:00:24 ; elapsed = 00:00:21 . Memory (MB): peak = 2051.195 ; gain = 0.000

Phase 4 Initial Routing

Phase 4.1 Initial Net Routing Pass
Phase 4.1 Initial Net Routing Pass | Checksum: 2679023f0

Time (s): cpu = 00:00:25 ; elapsed = 00:00:22 . Memory (MB): peak = 2051.195 ; gain = 0.000
Phase 4 Initial Routing | Checksum: 2679023f0

Time (s): cpu = 00:00:25 ; elapsed = 00:00:22 . Memory (MB): peak = 2051.195 ; gain = 0.000
INFO: [Route 35-580] Design has 1 pins with tight setup and hold constraints.

The top 5 pins with tight setup and hold constraints:

+====================+====================+=============================================================================================================================================+
| Launch Setup Clock | Launch Hold Clock  | Pin                                                                                                                                         |
+====================+====================+=============================================================================================================================================+
| clk_out4_clk_wiz_0 | clk_out2_clk_wiz_0 | m_ila_0/inst/ila_core_inst/u_trig/U_TM/N_DDR_MODE.G_NMU[0].U_M/allx_typeA_match_detection.ltlib_v1_0_3_allx_typeA_inst/probeDelay1_reg[0]/D |
+--------------------+--------------------+---------------------------------------------------------------------------------------------------------------------------------------------+

File with complete list of pins: tight_setup_hold_pins.txt


Phase 5 Rip-up And Reroute

Phase 5.1 Global Iteration 0
 Number of Nodes with overlaps = 638
 Number of Nodes with overlaps = 164
 Number of Nodes with overlaps = 88
 Number of Nodes with overlaps = 51
 Number of Nodes with overlaps = 22
 Number of Nodes with overlaps = 12
 Number of Nodes with overlaps = 10
 Number of Nodes with overlaps = 5
 Number of Nodes with overlaps = 4
 Number of Nodes with overlaps = 0
INFO: [Route 35-416] Intermediate Timing Summary | WNS=0.084  | TNS=0.000  | WHS=N/A    | THS=N/A    |

Phase 5.1 Global Iteration 0 | Checksum: 2b08a463d

Time (s): cpu = 00:00:29 ; elapsed = 00:00:25 . Memory (MB): peak = 2051.195 ; gain = 0.000
Phase 5 Rip-up And Reroute | Checksum: 2b08a463d

Time (s): cpu = 00:00:29 ; elapsed = 00:00:25 . Memory (MB): peak = 2051.195 ; gain = 0.000

Phase 6 Delay and Skew Optimization

Phase 6.1 Delay CleanUp

Phase 6.1.1 Update Timing
Phase 6.1.1 Update Timing | Checksum: 343910560

Time (s): cpu = 00:00:30 ; elapsed = 00:00:25 . Memory (MB): peak = 2051.195 ; gain = 0.000
INFO: [Route 35-416] Intermediate Timing Summary | WNS=0.150  | TNS=0.000  | WHS=N/A    | THS=N/A    |

Phase 6.1 Delay CleanUp | Checksum: 2b8e1fbf4

Time (s): cpu = 00:00:30 ; elapsed = 00:00:25 . Memory (MB): peak = 2051.195 ; gain = 0.000

Phase 6.2 Clock Skew Optimization
Phase 6.2 Clock Skew Optimization | Checksum: 2b8e1fbf4

Time (s): cpu = 00:00:30 ; elapsed = 00:00:25 . Memory (MB): peak = 2051.195 ; gain = 0.000
Phase 6 Delay and Skew Optimization | Checksum: 2b8e1fbf4

Time (s): cpu = 00:00:30 ; elapsed = 00:00:25 . Memory (MB): peak = 2051.195 ; gain = 0.000

Phase 7 Post Hold Fix

Phase 7.1 Hold Fix Iter
INFO: [Route 35-416] Intermediate Timing Summary | WNS=0.150  | TNS=0.000  | WHS=-1.790 | THS=-3.549 |


Phase 7.1.1 Lut RouteThru Assignment for hold
Phase 7.1.1 Lut RouteThru Assignment for hold | Checksum: 2eef67d5b

Time (s): cpu = 00:00:30 ; elapsed = 00:00:25 . Memory (MB): peak = 2051.195 ; gain = 0.000
Phase 7.1 Hold Fix Iter | Checksum: 2eef67d5b

Time (s): cpu = 00:00:30 ; elapsed = 00:00:25 . Memory (MB): peak = 2051.195 ; gain = 0.000

Phase 7.2 Additional Hold Fix
INFO: [Route 35-416] Intermediate Timing Summary | WNS=0.150  | TNS=0.000  | WHS=-1.790 | THS=-3.549 |

Phase 7.2 Additional Hold Fix | Checksum: 3051e4eb6

Time (s): cpu = 00:00:30 ; elapsed = 00:00:26 . Memory (MB): peak = 2051.195 ; gain = 0.000

Phase 7.3 Non Free Resource Hold Fix Iter
Phase 7.3 Non Free Resource Hold Fix Iter | Checksum: 2d90fd5a4

Time (s): cpu = 00:00:30 ; elapsed = 00:00:26 . Memory (MB): peak = 2051.195 ; gain = 0.000
Phase 7 Post Hold Fix | Checksum: 2d90fd5a4

Time (s): cpu = 00:00:30 ; elapsed = 00:00:26 . Memory (MB): peak = 2051.195 ; gain = 0.000

Phase 8 Route finalize

Router Utilization Summary
  Global Vertical Routing Utilization    = 0.689429 %
  Global Horizontal Routing Utilization  = 0.820261 %
  Routable Net Status*
  *Does not include unroutable nets such as driverless and loadless.
  Run report_route_status for detailed report.
  Number of Failed Nets               = 0
    (Failed Nets is the sum of unrouted and partially routed nets)
  Number of Unrouted Nets             = 0
  Number of Partially Routed Nets     = 0
  Number of Node Overlaps             = 0

Phase 8 Route finalize | Checksum: 2d90fd5a4

Time (s): cpu = 00:00:30 ; elapsed = 00:00:26 . Memory (MB): peak = 2051.195 ; gain = 0.000

Phase 9 Verifying routed nets

 Verification completed successfully
Phase 9 Verifying routed nets | Checksum: 2d90fd5a4

Time (s): cpu = 00:00:30 ; elapsed = 00:00:26 . Memory (MB): peak = 2051.195 ; gain = 0.000

Phase 10 Depositing Routes
Phase 10 Depositing Routes | Checksum: 2ccb71ca1

Time (s): cpu = 00:00:31 ; elapsed = 00:00:26 . Memory (MB): peak = 2051.195 ; gain = 0.000

Phase 11 Post Process Routing
WARNING: [Route 35-419] Router was unable to fix hold violation on pin m_ila_0/inst/ila_core_inst/u_trig/U_TM/N_DDR_MODE.G_NMU[0].U_M_i_1/I2 driven by global clock buffer BUFGCTRL_X0Y1.
Resolution: Run report_timing_summary to analyze the hold violations.
WARNING: [Route 35-419] Router was unable to fix hold violation on pin m_ila_0/inst/ila_core_inst/shifted_data_in_reg[7][1]_srl8/D driven by global clock buffer BUFGCTRL_X0Y6.
Resolution: Run report_timing_summary to analyze the hold violations.
WARNING: [Route 35-419] Router was unable to fix hold violation on pin m_ila_0/inst/ila_core_inst/shifted_data_in_reg[7][0]_srl8/D driven by global clock buffer BUFGCTRL_X0Y1.
Resolution: Run report_timing_summary to analyze the hold violations.
WARNING: [Route 35-419] Router was unable to fix hold violation on pin m_ila_0/inst/ila_core_inst/u_trig/U_TM/N_DDR_MODE.G_NMU[1].U_M_i_1/I2 driven by global clock buffer BUFGCTRL_X0Y6.
Resolution: Run report_timing_summary to analyze the hold violations.
Phase 11 Post Process Routing | Checksum: 2ccb71ca1

Time (s): cpu = 00:00:31 ; elapsed = 00:00:26 . Memory (MB): peak = 2051.195 ; gain = 0.000

Phase 12 Post Router Timing

Phase 12.1 Update Timing
Phase 12.1 Update Timing | Checksum: 2ccb71ca1

Time (s): cpu = 00:00:31 ; elapsed = 00:00:26 . Memory (MB): peak = 2051.195 ; gain = 0.000
INFO: [Route 35-57] Estimated Timing Summary | WNS=0.150  | TNS=0.000  | WHS=-1.790 | THS=-3.549 |

WARNING: [Route 35-328] Router estimated timing not met.
Resolution: For a complete and accurate timing signoff, report_timing_summary must be run after route_design. Alternatively, route_design can be run with the -timing_summary option to enable a complete timing signoff at the end of route_design.
Phase 12 Post Router Timing | Checksum: 2ccb71ca1

Time (s): cpu = 00:00:31 ; elapsed = 00:00:26 . Memory (MB): peak = 2051.195 ; gain = 0.000
Total Elapsed time in route_design: 26.304 secs

Phase 13 Post-Route Event Processing
Phase 13 Post-Route Event Processing | Checksum: 2141c8cc5

Time (s): cpu = 00:00:31 ; elapsed = 00:00:26 . Memory (MB): peak = 2051.195 ; gain = 0.000
INFO: [Route 35-16] Router Completed Successfully
Ending Routing Task | Checksum: 2141c8cc5

Time (s): cpu = 00:00:31 ; elapsed = 00:00:26 . Memory (MB): peak = 2051.195 ; gain = 0.000

Routing Is Done.
INFO: [Common 17-83] Releasing license: Implementation
126 Infos, 8 Warnings, 1 Critical Warnings and 0 Errors encountered.
route_design completed successfully
route_design: Time (s): cpu = 00:00:31 ; elapsed = 00:00:26 . Memory (MB): peak = 2051.195 ; gain = 0.000
INFO: [Vivado 12-24828] Executing command : report_drc -file top_drc_routed.rpt -pb top_drc_routed.pb -rpx top_drc_routed.rpx
Command: report_drc -file top_drc_routed.rpt -pb top_drc_routed.pb -rpx top_drc_routed.rpx
INFO: [IP_Flow 19-1839] IP Catalog is up to date.
INFO: [DRC 23-27] Running DRC with 2 threads
INFO: [Vivado_Tcl 2-168] The results of DRC are in file D:/FPGAProject/dicom_qpsk/dicom_qpsk.runs/impl_1/top_drc_routed.rpt.
report_drc completed successfully
INFO: [Vivado 12-24828] Executing command : report_methodology -file top_methodology_drc_routed.rpt -pb top_methodology_drc_routed.pb -rpx top_methodology_drc_routed.rpx
Command: report_methodology -file top_methodology_drc_routed.rpt -pb top_methodology_drc_routed.pb -rpx top_methodology_drc_routed.rpx
INFO: [Timing 38-35] Done setting XDC timing constraints.
INFO: [DRC 23-133] Running Methodology with 2 threads
INFO: [Vivado_Tcl 2-1520] The results of Report Methodology are in file D:/FPGAProject/dicom_qpsk/dicom_qpsk.runs/impl_1/top_methodology_drc_routed.rpt.
report_methodology completed successfully
INFO: [Vivado 12-24828] Executing command : report_timing_summary -max_paths 10 -routable_nets -report_unconstrained -file top_timing_summary_routed.rpt -pb top_timing_summary_routed.pb -rpx top_timing_summary_routed.rpx -warn_on_violation 
INFO: [Timing 38-35] Done setting XDC timing constraints.
INFO: [Timing 38-91] UpdateTimingParams: Speed grade: -2, Delay Type: min_max.
INFO: [Timing 38-191] Multithreading enabled for timing update using a maximum of 2 CPUs
CRITICAL WARNING: [Timing 38-282] The design failed to meet the timing requirements. Please see the timing summary report for details on the timing violations.
WARNING: [Timing 38-436] There are set_bus_skew constraint(s) in this design. Please run report_bus_skew to ensure that bus skew requirements are met.
INFO: [Vivado 12-24838] Running report commands "report_incremental_reuse, report_route_status" in parallel.
Running report generation with 2 threads.
INFO: [Vivado 12-24828] Executing command : report_incremental_reuse -file top_incremental_reuse_routed.rpt
INFO: [Vivado_Tcl 4-1062] Incremental flow is disabled. No incremental reuse Info to report.
INFO: [Vivado 12-24828] Executing command : report_route_status -file top_route_status.rpt -pb top_route_status.pb
INFO: [Vivado 12-24828] Executing command : report_power -file top_power_routed.rpt -pb top_power_summary_routed.pb -rpx top_power_routed.rpx
Command: report_power -file top_power_routed.rpt -pb top_power_summary_routed.pb -rpx top_power_routed.rpx
Running Vector-less Activity Propagation...

Finished Running Vector-less Activity Propagation
143 Infos, 9 Warnings, 2 Critical Warnings and 0 Errors encountered.
report_power completed successfully
INFO: [Vivado 12-24828] Executing command : report_clock_utilization -file top_clock_utilization_routed.rpt
INFO: [Vivado 12-24828] Executing command : report_bus_skew -warn_on_violation -file top_bus_skew_routed.rpt -pb top_bus_skew_routed.pb -rpx top_bus_skew_routed.rpx
INFO: [Timing 38-91] UpdateTimingParams: Speed grade: -2, Delay Type: min_max.
INFO: [Timing 38-191] Multithreading enabled for timing update using a maximum of 2 CPUs
generate_parallel_reports: Time (s): cpu = 00:00:08 ; elapsed = 00:00:06 . Memory (MB): peak = 2051.195 ; gain = 0.000
INFO: [Timing 38-480] Writing timing data to binary archive.
Wrote PlaceDB: Time (s): cpu = 00:00:00 ; elapsed = 00:00:00 . Memory (MB): peak = 2051.195 ; gain = 0.000
Wrote PulsedLatchDB: Time (s): cpu = 00:00:00 ; elapsed = 00:00:00 . Memory (MB): peak = 2051.195 ; gain = 0.000
Writing XDEF routing.
Write ShapeDB Complete: Time (s): cpu = 00:00:01 ; elapsed = 00:00:00.010 . Memory (MB): peak = 2051.195 ; gain = 0.000
Writing XDEF routing logical nets.
Writing XDEF routing special nets.
Wrote RouteStorage: Time (s): cpu = 00:00:00 ; elapsed = 00:00:00.050 . Memory (MB): peak = 2051.195 ; gain = 0.000
Wrote PlaceStorage: Time (s): cpu = 00:00:00 ; elapsed = 00:00:00.150 . Memory (MB): peak = 2051.195 ; gain = 0.000
Wrote Netlist Cache: Time (s): cpu = 00:00:00 ; elapsed = 00:00:00.005 . Memory (MB): peak = 2051.195 ; gain = 0.000
Wrote Device Cache: Time (s): cpu = 00:00:00 ; elapsed = 00:00:00.004 . Memory (MB): peak = 2051.195 ; gain = 0.000
Write Physdb Complete: Time (s): cpu = 00:00:00 ; elapsed = 00:00:00.217 . Memory (MB): peak = 2051.195 ; gain = 0.000
INFO: [Common 17-1381] The checkpoint 'D:/FPGAProject/dicom_qpsk/dicom_qpsk.runs/impl_1/top_routed.dcp' has been generated.
Command: write_bitstream -force top.bit
Attempting to get a license for feature 'Implementation' and/or device 'xc7a100t'
INFO: [Common 17-349] Got license for feature 'Implementation' and/or device 'xc7a100t'
Running DRC as a precondition to command write_bitstream
INFO: [IP_Flow 19-1839] IP Catalog is up to date.
INFO: [DRC 23-27] Running DRC with 2 threads
INFO: [Vivado 12-3199] DRC finished with 0 Errors
INFO: [Vivado 12-3200] Please refer to the DRC report (report_drc) for more information.
Integrating Hard IP ELF/MEM with the PDI.
INFO: [Designutils 20-2272] Running write_bitstream with 2 threads.
Loading data files...
Loading site data...
Loading route data...
Processing options...
Creating bitmap...
Creating bitstream...
Writing bitstream ./top.bit...
INFO: [Vivado 12-1842] Bitgen Completed Successfully.
INFO: [Common 17-83] Releasing license: Implementation
157 Infos, 9 Warnings, 2 Critical Warnings and 0 Errors encountered.
write_bitstream completed successfully
write_bitstream: Time (s): cpu = 00:00:12 ; elapsed = 00:00:09 . Memory (MB): peak = 2387.453 ; gain = 336.258
INFO: [Common 17-206] Exiting Vivado at Fri Apr  3 02:57:15 2026...
