Copyright 1986-2022 Xilinx, Inc. All Rights Reserved. Copyright 2022-2025 Advanced Micro Devices, Inc. All Rights Reserved.
-------------------------------------------------------------------------------------------------------------------------------------------------
| Tool Version     : Vivado v.2025.2 (win64) Build 6299465 Fri Nov 14 19:35:11 GMT 2025
| Date             : Fri Apr  3 02:57:04 2026
| Host             : TPC running 64-bit major release  (build 9200)
| Command          : report_power -file top_power_routed.rpt -pb top_power_summary_routed.pb -rpx top_power_routed.rpx
| Design           : top
| Device           : xc7a100tfgg484-2
| Design State     : routed
| Grade            : commercial
| Process          : typical
| Characterization : Production
-------------------------------------------------------------------------------------------------------------------------------------------------

Power Report

Table of Contents
-----------------
1. Summary
1.1 On-Chip Components
1.2 Power Supply Summary
1.3 Confidence Level
2. Settings
2.1 Environment
2.2 Clock Constraints
3. Detailed Reports
3.1 By Hierarchy

1. Summary
----------

+--------------------------+--------------+
| Total On-Chip Power (W)  | 0.374        |
| Design Power Budget (W)  | Unspecified* |
| Power Budget Margin (W)  | NA           |
| Dynamic (W)              | 0.275        |
| Device Static (W)        | 0.099        |
| Effective TJA (C/W)      | 2.7          |
| Max Ambient (C)          | 84.0         |
| Junction Temperature (C) | 26.0         |
| Confidence Level         | Medium       |
| Setting File             | ---          |
| Simulation Activity File | ---          |
| Design Nets Matched      | NA           |
+--------------------------+--------------+
* Specify Design Power Budget using, set_operating_conditions -design_power_budget <value in Watts>


1.1 On-Chip Components
----------------------

+--------------------------+-----------+----------+-----------+-----------------+
| On-Chip                  | Power (W) | Used     | Available | Utilization (%) |
+--------------------------+-----------+----------+-----------+-----------------+
| Clocks                   |     0.028 |       10 |       --- |             --- |
| Slice Logic              |     0.004 |     6270 |       --- |             --- |
|   LUT as Logic           |     0.003 |     2173 |     63400 |            3.43 |
|   Register               |    <0.001 |     2981 |    126800 |            2.35 |
|   CARRY4                 |    <0.001 |      137 |     15850 |            0.86 |
|   LUT as Shift Register  |    <0.001 |       69 |     19000 |            0.36 |
|   LUT as Distributed RAM |    <0.001 |       24 |     19000 |            0.13 |
|   F7/F8 Muxes            |    <0.001 |        4 |     63400 |           <0.01 |
|   Others                 |     0.000 |      316 |       --- |             --- |
| Signals                  |     0.006 |     4793 |       --- |             --- |
| Block RAM                |     0.008 |       33 |       135 |           24.44 |
| MMCM                     |     0.106 |        1 |         6 |           16.67 |
| I/O                      |     0.123 |       37 |       285 |           12.98 |
| Static Power             |     0.099 |          |           |                 |
| Total                    |     0.374 |          |           |                 |
+--------------------------+-----------+----------+-----------+-----------------+


1.2 Power Supply Summary
------------------------

+-----------+-------------+-----------+-------------+------------+-------------+-------------+------------+
| Source    | Voltage (V) | Total (A) | Dynamic (A) | Static (A) | Powerup (A) | Budget (A)  | Margin (A) |
+-----------+-------------+-----------+-------------+------------+-------------+-------------+------------+
| Vccint    |       1.000 |     0.063 |       0.047 |      0.016 |       NA    | Unspecified | NA         |
| Vccaux    |       1.800 |     0.084 |       0.065 |      0.018 |       NA    | Unspecified | NA         |
| Vcco33    |       3.300 |     0.037 |       0.033 |      0.004 |       NA    | Unspecified | NA         |
| Vcco25    |       2.500 |     0.000 |       0.000 |      0.000 |       NA    | Unspecified | NA         |
| Vcco18    |       1.800 |     0.000 |       0.000 |      0.000 |       NA    | Unspecified | NA         |
| Vcco15    |       1.500 |     0.000 |       0.000 |      0.000 |       NA    | Unspecified | NA         |
| Vcco135   |       1.350 |     0.000 |       0.000 |      0.000 |       NA    | Unspecified | NA         |
| Vcco12    |       1.200 |     0.000 |       0.000 |      0.000 |       NA    | Unspecified | NA         |
| Vccaux_io |       1.800 |     0.000 |       0.000 |      0.000 |       NA    | Unspecified | NA         |
| Vccbram   |       1.000 |     0.002 |       0.001 |      0.001 |       NA    | Unspecified | NA         |
| MGTAVcc   |       1.000 |     0.000 |       0.000 |      0.000 |       NA    | Unspecified | NA         |
| MGTAVtt   |       1.200 |     0.000 |       0.000 |      0.000 |       NA    | Unspecified | NA         |
| Vccadc    |       1.800 |     0.020 |       0.000 |      0.020 |       NA    | Unspecified | NA         |
+-----------+-------------+-----------+-------------+------------+-------------+-------------+------------+


1.3 Confidence Level
--------------------

+-----------------------------+------------+-------------------------------------------------------+------------------------------------------------------------------------------------------------------------+
| User Input Data             | Confidence | Details                                               | Action                                                                                                     |
+-----------------------------+------------+-------------------------------------------------------+------------------------------------------------------------------------------------------------------------+
| Design implementation state | High       | Design is routed                                      |                                                                                                            |
| Clock nodes activity        | High       | User specified more than 95% of clocks                |                                                                                                            |
| I/O nodes activity          | Medium     | More than 5% of inputs are missing user specification | Provide missing input activity with simulation results or by editing the "By Resource Type -> I/Os" view   |
| Internal nodes activity     | Medium     | User specified less than 25% of internal nodes        | Provide missing internal nodes activity with simulation results or by editing the "By Resource Type" views |
| Device models               | High       | Device models are Production                          |                                                                                                            |
|                             |            |                                                       |                                                                                                            |
| Overall confidence level    | Medium     |                                                       |                                                                                                            |
+-----------------------------+------------+-------------------------------------------------------+------------------------------------------------------------------------------------------------------------+


2. Settings
-----------

2.1 Environment
---------------

+-----------------------+--------------------------+
| Ambient Temp (C)      | 25.0                     |
| ThetaJA (C/W)         | 2.7                      |
| Airflow (LFM)         | 250                      |
| Heat Sink             | medium (Medium Profile)  |
| ThetaSA (C/W)         | 4.6                      |
| Board Selection       | medium (10"x10")         |
| # of Board Layers     | 12to15 (12 to 15 Layers) |
| Board Temperature (C) | 25.0                     |
+-----------------------+--------------------------+


2.2 Clock Constraints
---------------------

+--------------------------------------------------------------------------------------------+-------------------------------------------------------------------+-----------------+
| Clock                                                                                      | Domain                                                            | Constraint (ns) |
+--------------------------------------------------------------------------------------------+-------------------------------------------------------------------+-----------------+
| clk                                                                                        | clk                                                               |            20.0 |
| clk_out1_clk_wiz_0                                                                         | u_clk_wiz_0/inst/clk_out1_clk_wiz_0                               |             5.0 |
| clk_out2_clk_wiz_0                                                                         | u_clk_wiz_0/inst/clk_out2_clk_wiz_0                               |             8.0 |
| clk_out3_clk_wiz_0                                                                         | u_clk_wiz_0/inst/clk_out3_clk_wiz_0                               |           160.0 |
| clk_out4_clk_wiz_0                                                                         | u_clk_wiz_0/inst/clk_out4_clk_wiz_0                               |             4.0 |
| clkfbout_clk_wiz_0                                                                         | u_clk_wiz_0/inst/clkfbout_clk_wiz_0                               |            20.0 |
| dbg_hub/inst/BSCANID.u_xsdbm_id/SWITCH_N_EXT_BSCAN.bscan_inst/SERIES7_BSCAN.bscan_inst/TCK | dbg_hub/inst/BSCANID.u_xsdbm_id/SWITCH_N_EXT_BSCAN.bscan_inst/TCK |            33.0 |
| eth_rx_clk                                                                                 | eth_rx_clk                                                        |             8.0 |
+--------------------------------------------------------------------------------------------+-------------------------------------------------------------------+-----------------+


3. Detailed Reports
-------------------

3.1 By Hierarchy
----------------

+--------------------------+-----------+
| Name                     | Power (W) |
+--------------------------+-----------+
| top                      |     0.275 |
|   dbg_hub                |     0.006 |
|     inst                 |     0.006 |
|       BSCANID.u_xsdbm_id |     0.006 |
|   m_ila_0                |     0.018 |
|     inst                 |     0.018 |
|       ila_core_inst      |     0.018 |
|   u_clk_wiz_0            |     0.107 |
|     inst                 |     0.107 |
|   u_qpsk_tx              |     0.006 |
|     u_dds_compiler       |     0.006 |
|       U0                 |     0.006 |
|   u_udp_fifo             |     0.008 |
|     U0                   |     0.008 |
|       inst_fifo_gen      |     0.008 |
|   u_udp_top              |     0.013 |
|     u_arp                |     0.003 |
|       u_arp_rx           |     0.001 |
|     u_gmii_to_rgmii      |     0.007 |
|       u_rgmii_rx         |     0.007 |
|     u_udp                |     0.003 |
|       u_udp_tx           |     0.002 |
+--------------------------+-----------+


