Copyright 1986-2022 Xilinx, Inc. All Rights Reserved. Copyright 2022-2025 Advanced Micro Devices, Inc. All Rights Reserved.
-----------------------------------------------------------------------------------------------------------------------------------------------
| Tool Version : Vivado v.2025.2 (win64) Build 6299465 Fri Nov 14 19:35:11 GMT 2025
| Date         : Thu Apr  2 21:37:42 2026
| Host         : TPC running 64-bit major release  (build 9200)
| Command      : report_methodology -file top_methodology_drc_routed.rpt -pb top_methodology_drc_routed.pb -rpx top_methodology_drc_routed.rpx
| Design       : top
| Device       : xc7a100tfgg484-2
| Speed File   : -2
| Design State : Fully Routed
-----------------------------------------------------------------------------------------------------------------------------------------------

Report Methodology

Table of Contents
-----------------
1. REPORT SUMMARY
2. REPORT DETAILS

1. REPORT SUMMARY
-----------------
            Netlist: netlist
          Floorplan: design_1
      Design limits: <entire design considered>
             Max checks: <unlimited>
             Checks found: 13
+-----------+----------+-------------------------------------------------+--------+
| Rule      | Severity | Description                                     | Checks |
+-----------+----------+-------------------------------------------------+--------+
| LUTAR-1   | Warning  | LUT drives async reset alert                    | 1      |
| PDRC-190  | Warning  | Suboptimally placed synchronized register chain | 1      |
| TIMING-18 | Warning  | Missing input or output delay                   | 11     |
+-----------+----------+-------------------------------------------------+--------+

2. REPORT DETAILS
-----------------
LUTAR-1#1 Warning
LUT drives async reset alert  
LUT cell u_udp_top/u_arp/u_arp_rx/FSM_onehot_cur_state[4]_i_2, with 2 or more inputs, drives asynchronous preset/clear pin(s) u_udp_top/u_udp/u_udp_tx/tx_req_reg/CLR,
u_udp_top/u_udp/u_udp_tx/udp_num_reg[10]/CLR,
u_udp_top/u_udp/u_udp_tx/udp_num_reg[11]/CLR,
u_udp_top/u_udp/u_udp_tx/udp_num_reg[12]/CLR,
u_udp_top/u_udp/u_udp_tx/udp_num_reg[13]/CLR,
u_udp_top/u_udp/u_udp_tx/udp_num_reg[14]/CLR,
u_udp_top/u_udp/u_udp_tx/udp_num_reg[15]/CLR,
u_udp_top/u_udp/u_udp_tx/udp_num_reg[2]/CLR,
u_udp_top/u_udp/u_udp_tx/udp_num_reg[3]/CLR,
u_udp_top/u_udp/u_udp_tx/udp_num_reg[4]/CLR,
u_udp_top/u_udp/u_udp_tx/udp_num_reg[5]/CLR,
u_udp_top/u_udp/u_udp_tx/udp_num_reg[6]/CLR,
u_udp_top/u_udp/u_udp_tx/udp_num_reg[7]/CLR,
u_udp_top/u_udp/u_udp_tx/udp_num_reg[8]/CLR,
u_udp_top/u_udp/u_udp_tx/udp_num_reg[9]/CLR (the first 15 of 829 listed). The LUT may glitch and trigger an unexpected reset, even if it is a properly timed path.
Related violations: <none>

PDRC-190#1 Warning
Suboptimally placed synchronized register chain  
The FDRE cell u_udp_top/u_async_fifo_8b/U0/inst_fifo_gen/gconvfifo.rf/grf.rf/rstblk/grstd1.grst_full.grst_f.rst_d2_reg in site SLICE_X12Y56 is part of a synchronized register chain that is suboptimally placed as the load FDSE cell u_udp_top/u_async_fifo_8b/U0/inst_fifo_gen/gconvfifo.rf/grf.rf/rstblk/grstd1.grst_full.grst_f.rst_d3_reg is not placed in the same (SLICE) site.
Related violations: <none>

TIMING-18#1 Warning
Missing input or output delay  
An input delay is missing on eth_rx_ctl relative to the rising and/or falling clock edge(s) of eth_rx_clk.
Related violations: <none>

TIMING-18#2 Warning
Missing input or output delay  
An input delay is missing on eth_rx_data[0] relative to the rising and/or falling clock edge(s) of eth_rx_clk.
Related violations: <none>

TIMING-18#3 Warning
Missing input or output delay  
An input delay is missing on eth_rx_data[1] relative to the rising and/or falling clock edge(s) of eth_rx_clk.
Related violations: <none>

TIMING-18#4 Warning
Missing input or output delay  
An input delay is missing on eth_rx_data[2] relative to the rising and/or falling clock edge(s) of eth_rx_clk.
Related violations: <none>

TIMING-18#5 Warning
Missing input or output delay  
An input delay is missing on eth_rx_data[3] relative to the rising and/or falling clock edge(s) of eth_rx_clk.
Related violations: <none>

TIMING-18#6 Warning
Missing input or output delay  
An input delay is missing on resetn relative to the rising and/or falling clock edge(s) of eth_rx_clk.
Related violations: <none>

TIMING-18#7 Warning
Missing input or output delay  
An output delay is missing on eth_tx_ctl relative to the rising and/or falling clock edge(s) of eth_rx_clk.
Related violations: <none>

TIMING-18#8 Warning
Missing input or output delay  
An output delay is missing on eth_tx_data[0] relative to the rising and/or falling clock edge(s) of eth_rx_clk.
Related violations: <none>

TIMING-18#9 Warning
Missing input or output delay  
An output delay is missing on eth_tx_data[1] relative to the rising and/or falling clock edge(s) of eth_rx_clk.
Related violations: <none>

TIMING-18#10 Warning
Missing input or output delay  
An output delay is missing on eth_tx_data[2] relative to the rising and/or falling clock edge(s) of eth_rx_clk.
Related violations: <none>

TIMING-18#11 Warning
Missing input or output delay  
An output delay is missing on eth_tx_data[3] relative to the rising and/or falling clock edge(s) of eth_rx_clk.
Related violations: <none>


